#
# A fatal error has been detected by the Java Runtime Environment:
#
#  EXCEPTION_ACCESS_VIOLATION (0xc0000005) at pc=0x00007ffeb831c650, pid=7480, tid=6568
#
# JRE version: OpenJDK Runtime Environment Temurin-17.0.3+7 (17.0.3+7) (build 17.0.3+7)
# Java VM: OpenJDK 64-Bit Server VM Temurin-17.0.3+7 (17.0.3+7, mixed mode, tiered, compressed oops, compressed class ptrs, parallel gc, windows-amd64)
# Problematic frame:
# V  [jvm.dll+0x9bc650]
#
# No core dump will be written. Minidumps are not enabled by default on client versions of Windows
#
# If you would like to submit a bug report, please visit:
#   https://github.com/adoptium/adoptium-support/issues
#

---------------  S U M M A R Y ------------

Command Line: --add-modules=ALL-SYSTEM --add-opens=java.base/java.util=ALL-UNNAMED --add-opens=java.base/java.lang=ALL-UNNAMED --add-opens=java.base/sun.nio.fs=ALL-UNNAMED -Declipse.application=org.eclipse.jdt.ls.core.id1 -Dosgi.bundles.defaultStartLevel=4 -Declipse.product=org.eclipse.jdt.ls.core.product -Djava.import.generatesMetadataFilesAtProjectRoot=false -Dfile.encoding=utf8 -DwatchParentProcess=false -XX:+UseParallelGC -XX:GCTimeRatio=4 -XX:AdaptiveSizePolicyWeight=90 -Dsun.zip.disableMemoryMapping=true -Xmx1G -Xms100m -javaagent:c:\Users\andri\.vscode\extensions\redhat.java-1.9.0-win32-x64\lombok\lombok-1.18.24.jar -XX:+HeapDumpOnOutOfMemoryError -XX:HeapDumpPath=c:\Users\andri\AppData\Roaming\Code\User\workspaceStorage\4faf57daae0bcd7f451f920420ff8149\redhat.java c:\Users\andri\.vscode\extensions\redhat.java-1.9.0-win32-x64\server\plugins\org.eclipse.equinox.launcher_1.6.400.v20210924-0641.jar -configuration c:\Users\andri\AppData\Roaming\Code\User\globalStorage\redhat.java\1.9.0\config_win -data c:\Users\andri\AppData\Roaming\Code\User\workspaceStorage\4faf57daae0bcd7f451f920420ff8149\redhat.java\jdt_ws

Host: AMD Ryzen 3 3200G with Radeon Vega Graphics    , 4 cores, 13G,  Windows 10 , 64 bit Build 19041 (10.0.19041.546)
Time: Fri Jul 22 21:12:31 2022 Hora oficial do Brasil elapsed time: 4.815296 seconds (0d 0h 0m 4s)

---------------  T H R E A D  ---------------

Current thread (0x000001b95e160490):  GCTaskThread "GC Thread#3" [stack: 0x00000002dd500000,0x00000002dd600000] [id=6568]

Stack: [0x00000002dd500000,0x00000002dd600000],  sp=0x00000002dd5ff7b8,  free space=1021k
Native frames: (J=compiled Java code, j=interpreted, Vv=VM code, C=native code)
V  [jvm.dll+0x9bc650]


siginfo: EXCEPTION_ACCESS_VIOLATION (0xc0000005), data execution prevention violation at address 0x00007ffeb831c650


Register to memory mapping:

RIP=0x00007ffeb831c650 jvm.dll
RAX=0x00000000000001b9 is an unknown value
RBX=0x000001b95b0e6ec0 points into unknown readable memory: 0x000001b9452d0150 | 50 01 2d 45 b9 01 00 00
RCX=0x00000002dd5ff820 points into unknown readable memory: 0x00007ffeb830f608 | 08 f6 30 b8 fe 7f 00 00
RDX=0x00000000c0477728 points into unknown readable memory: 0x0000000000000001 | 01 00 00 00 00 00 00 00
RSP=0x00000002dd5ff7b8 points into unknown readable memory: 0x00007ffeb8008c39 | 39 8c 00 b8 fe 7f 00 00
RBP=0x00000002dd5ff829 points into unknown readable memory: 67 0e 5b b9 01 00 00
RSI=0x00007ffeb830f608 jvm.dll
RDI=0x0000000000000495 is an unknown value
R8 =0x00000001000405c0 is pointing into metadata
R9 =0x0000000000000001 is an unknown value
R10=0x0 is NULL
R11=0x0000000000000b70 is an unknown value
R12=0x0 is NULL
R13=0x00000002dd5ff990 points into unknown readable memory: 0x00007ffeb8310020 | 20 00 31 b8 fe 7f 00 00
R14=0x00007ffeb8277b10 jvm.dll
R15=0x00007ffeb84746c0 jvm.dll


Registers:
RAX=0x00000000000001b9, RBX=0x000001b95b0e6ec0, RCX=0x00000002dd5ff820, RDX=0x00000000c0477728
RSP=0x00000002dd5ff7b8, RBP=0x00000002dd5ff829, RSI=0x00007ffeb830f608, RDI=0x0000000000000495
R8 =0x00000001000405c0, R9 =0x0000000000000001, R10=0x0000000000000000, R11=0x0000000000000b70
R12=0x0000000000000000, R13=0x00000002dd5ff990, R14=0x00007ffeb8277b10, R15=0x00007ffeb84746c0
RIP=0x00007ffeb831c650, EFLAGS=0x0000000000010206

Top of Stack: (sp=0x00000002dd5ff7b8)
0x00000002dd5ff7b8:   00007ffeb8008c39 00007ffeb830f608
0x00000002dd5ff7c8:   000001b95b0e6ec0 00000002dd5ff829
0x00000002dd5ff7d8:   0000000000000490 0000000000000000
0x00000002dd5ff7e8:   0000000000000000 0000000000000000
0x00000002dd5ff7f8:   0000000000000000 0000000000000000
0x00000002dd5ff808:   000001b95e160400 000001b95d5bcda0
0x00000002dd5ff818:   00007ffeb8140001 00007ffeb830f608
0x00000002dd5ff828:   000001b95b0e6750 0000f6fd00000003
0x00000002dd5ff838:   000001b95b0e6ec0 0000000000000000
0x00000002dd5ff848:   0000000000000000 000001b95d5bcda0
0x00000002dd5ff858:   000001b95b1ee148 00000000000003d8
0x00000002dd5ff868:   000001b95d663e40 000001b95b1edd60
0x00000002dd5ff878:   000001b95b0e6ec0 000001b95b1edd70
0x00000002dd5ff888:   00007ffeb800d7d8 000001b95b0e6ec0
0x00000002dd5ff898:   000001b95b1edd70 000001b95b1edd60
0x00000002dd5ff8a8:   0000000500000319 00007ffeb830fe18 

Instructions: (pc=0x00007ffeb831c650)
0x00007ffeb831c550:   00 00 00 00 00 00 00 00 50 61 75 73 65 20 44 65
0x00007ffeb831c560:   67 65 6e 65 72 61 74 65 64 20 47 43 20 28 4e 29
0x00007ffeb831c570:   00 00 00 00 00 00 00 00 20 20 44 65 67 65 6e 20
0x00007ffeb831c580:   53 54 57 20 4d 61 72 6b 00 00 00 00 00 00 00 00
0x00007ffeb831c590:   20 20 20 20 44 53 4d 3a 20 3c 74 6f 74 61 6c 3e
0x00007ffeb831c5a0:   00 00 00 00 00 00 00 00 20 20 20 20 44 53 4d 3a
0x00007ffeb831c5b0:   20 54 68 72 65 61 64 20 52 6f 6f 74 73 00 00 00
0x00007ffeb831c5c0:   20 20 20 20 44 53 4d 3a 20 43 6f 64 65 20 43 61
0x00007ffeb831c5d0:   63 68 65 20 52 6f 6f 74 73 00 00 00 00 00 00 00
0x00007ffeb831c5e0:   20 20 20 20 44 53 4d 3a 20 56 4d 20 53 74 72 6f
0x00007ffeb831c5f0:   6e 67 20 52 6f 6f 74 73 00 00 00 00 00 00 00 00
0x00007ffeb831c600:   20 20 20 20 44 53 4d 3a 20 56 4d 20 57 65 61 6b
0x00007ffeb831c610:   20 52 6f 6f 74 73 00 00 20 20 20 20 44 53 4d 3a
0x00007ffeb831c620:   20 43 4c 44 47 20 52 6f 6f 74 73 00 00 00 00 00
0x00007ffeb831c630:   20 20 20 20 44 53 4d 3a 20 55 6e 6c 6f 61 64 20
0x00007ffeb831c640:   43 6f 64 65 20 43 61 63 68 65 73 00 00 00 00 00
0x00007ffeb831c650:   20 20 20 20 44 53 4d 3a 20 55 6e 6c 69 6e 6b 20
0x00007ffeb831c660:   43 4c 44 73 00 00 00 00 20 20 20 20 44 53 4d 3a
0x00007ffeb831c670:   20 57 65 61 6b 20 52 65 66 65 72 65 6e 63 65 73
0x00007ffeb831c680:   00 00 00 00 00 00 00 00 20 20 20 20 44 53 4d 3a
0x00007ffeb831c690:   20 50 61 72 61 6c 6c 65 6c 20 4d 61 72 6b 00 00
0x00007ffeb831c6a0:   20 20 44 65 67 65 6e 20 4d 61 72 6b 00 00 00 00
0x00007ffeb831c6b0:   20 20 20 20 44 4d 3a 20 3c 74 6f 74 61 6c 3e 00
0x00007ffeb831c6c0:   20 20 20 20 44 4d 3a 20 54 68 72 65 61 64 20 52
0x00007ffeb831c6d0:   6f 6f 74 73 00 00 00 00 20 20 20 20 44 4d 3a 20
0x00007ffeb831c6e0:   43 6f 64 65 20 43 61 63 68 65 20 52 6f 6f 74 73
0x00007ffeb831c6f0:   00 00 00 00 00 00 00 00 20 20 20 20 44 4d 3a 20
0x00007ffeb831c700:   56 4d 20 53 74 72 6f 6e 67 20 52 6f 6f 74 73 00
0x00007ffeb831c710:   20 20 20 20 44 4d 3a 20 56 4d 20 57 65 61 6b 20
0x00007ffeb831c720:   52 6f 6f 74 73 00 00 00 20 20 20 20 44 4d 3a 20
0x00007ffeb831c730:   43 4c 44 47 20 52 6f 6f 74 73 00 00 00 00 00 00
0x00007ffeb831c740:   20 20 20 20 44 4d 3a 20 55 6e 6c 6f 61 64 20 43 


Stack slot to memory mapping:
stack at sp + 0 slots: 0x00007ffeb8008c39 jvm.dll
stack at sp + 1 slots: 0x00007ffeb830f608 jvm.dll
stack at sp + 2 slots: 0x000001b95b0e6ec0 points into unknown readable memory: 0x000001b9452d0150 | 50 01 2d 45 b9 01 00 00
stack at sp + 3 slots: 0x00000002dd5ff829 points into unknown readable memory: 67 0e 5b b9 01 00 00
stack at sp + 4 slots: 0x0000000000000490 is an unknown value
stack at sp + 5 slots: 0x0 is NULL
stack at sp + 6 slots: 0x0 is NULL
stack at sp + 7 slots: 0x0 is NULL


---------------  P R O C E S S  ---------------

Threads class SMR info:
_java_thread_list=0x000001b95fe1e960, length=24, elements={
0x000001b947391f10, 0x000001b95b1a7760, 0x000001b95b1a8f00, 0x000001b95b1e0030,
0x000001b95b1e2bc0, 0x000001b95b1e3740, 0x000001b95b1e5910, 0x000001b95b1e7df0,
0x000001b95b1ee150, 0x000001b95cc1a820, 0x000001b95ccb3380, 0x000001b95ce8c590,
0x000001b95d3e7060, 0x000001b95e36b9f0, 0x000001b95e36bec0, 0x000001b95d5bcda0,
0x000001b95d51dd30, 0x000001b95e8ca880, 0x000001b95e973d50, 0x000001b95e972ee0,
0x000001b95e972540, 0x000001b95ea72220, 0x000001b95e972a10, 0x000001b95e975560
}

Java Threads: ( => current thread )
  0x000001b947391f10 JavaThread "main" [_thread_blocked, id=3196, stack(0x00000002dc400000,0x00000002dc500000)]
  0x000001b95b1a7760 JavaThread "Reference Handler" daemon [_thread_blocked, id=9996, stack(0x00000002dc700000,0x00000002dc800000)]
  0x000001b95b1a8f00 JavaThread "Finalizer" daemon [_thread_blocked, id=9492, stack(0x00000002dc800000,0x00000002dc900000)]
  0x000001b95b1e0030 JavaThread "Signal Dispatcher" daemon [_thread_blocked, id=9920, stack(0x00000002dc900000,0x00000002dca00000)]
  0x000001b95b1e2bc0 JavaThread "Attach Listener" daemon [_thread_blocked, id=1276, stack(0x00000002dca00000,0x00000002dcb00000)]
  0x000001b95b1e3740 JavaThread "Service Thread" daemon [_thread_blocked, id=7204, stack(0x00000002dcb00000,0x00000002dcc00000)]
  0x000001b95b1e5910 JavaThread "Monitor Deflation Thread" daemon [_thread_blocked, id=9848, stack(0x00000002dcc00000,0x00000002dcd00000)]
  0x000001b95b1e7df0 JavaThread "C2 CompilerThread0" daemon [_thread_blocked, id=12232, stack(0x00000002dcd00000,0x00000002dce00000)]
  0x000001b95b1ee150 JavaThread "C1 CompilerThread0" daemon [_thread_blocked, id=4452, stack(0x00000002dce00000,0x00000002dcf00000)]
  0x000001b95cc1a820 JavaThread "Sweeper thread" daemon [_thread_blocked, id=11328, stack(0x00000002dcf00000,0x00000002dd000000)]
  0x000001b95ccb3380 JavaThread "Common-Cleaner" daemon [_thread_blocked, id=512, stack(0x00000002dd000000,0x00000002dd100000)]
  0x000001b95ce8c590 JavaThread "Notification Thread" daemon [_thread_blocked, id=1952, stack(0x00000002dd100000,0x00000002dd200000)]
  0x000001b95d3e7060 JavaThread "Active Thread: Equinox Container: 0c148dc5-b25d-4862-96eb-76bfc6259a6b" [_thread_blocked, id=4784, stack(0x00000002dd700000,0x00000002dd800000)]
  0x000001b95e36b9f0 JavaThread "Framework Event Dispatcher: Equinox Container: 0c148dc5-b25d-4862-96eb-76bfc6259a6b" daemon [_thread_blocked, id=12264, stack(0x00000002dd800000,0x00000002dd900000)]
  0x000001b95e36bec0 JavaThread "Start Level: Equinox Container: 0c148dc5-b25d-4862-96eb-76bfc6259a6b" daemon [_thread_blocked, id=12068, stack(0x00000002dd900000,0x00000002dda00000)]
  0x000001b95d5bcda0 JavaThread "SCR Component Actor" daemon [_thread_blocked, id=7252, stack(0x00000002dda00000,0x00000002ddb00000)]
  0x000001b95d51dd30 JavaThread "SCR Component Registry" daemon [_thread_blocked, id=10512, stack(0x00000002dd600000,0x00000002dd700000)]
  0x000001b95e8ca880 JavaThread "Bundle File Closer" daemon [_thread_blocked, id=4804, stack(0x00000002ddb00000,0x00000002ddc00000)]
  0x000001b95e973d50 JavaThread "Worker-JM" [_thread_blocked, id=11488, stack(0x00000002ddc00000,0x00000002ddd00000)]
  0x000001b95e972ee0 JavaThread "Worker-0: Repository registry initialization" [_thread_blocked, id=9312, stack(0x00000002ddd00000,0x00000002dde00000)]
  0x000001b95e972540 JavaThread "Worker-1" [_thread_blocked, id=10808, stack(0x00000002dde00000,0x00000002ddf00000)]
  0x000001b95ea72220 JavaThread "C2 CompilerThread1" daemon [_thread_in_native, id=3184, stack(0x00000002ddf00000,0x00000002de000000)]
  0x000001b95e972a10 JavaThread "Worker-2: Updating Maven Dependencies" [_thread_blocked, id=12028, stack(0x00000002de000000,0x00000002de100000)]
  0x000001b95e975560 JavaThread "Java indexing" daemon [_thread_blocked, id=8860, stack(0x00000002de100000,0x00000002de200000)]

Other Threads:
  0x000001b95b18f130 VMThread "VM Thread" [stack: 0x00000002dc600000,0x00000002dc700000] [id=5964]
  0x000001b95cdfd320 WatcherThread [stack: 0x00000002dd200000,0x00000002dd300000] [id=10080]
  0x000001b9473a6fd0 GCTaskThread "GC Thread#0" [stack: 0x00000002dc500000,0x00000002dc600000] [id=6548]
  0x000001b95d2cce80 GCTaskThread "GC Thread#1" [stack: 0x00000002dd300000,0x00000002dd400000] [id=3748]
  0x000001b95d41f430 GCTaskThread "GC Thread#2" [stack: 0x00000002dd400000,0x00000002dd500000] [id=10988]
=>0x000001b95e160490 GCTaskThread "GC Thread#3" [stack: 0x00000002dd500000,0x00000002dd600000] [id=6568]

Threads with active compile tasks:
C2 CompilerThread1     4835 3268   !   4       org.eclipse.osgi.internal.loader.classpath.ClasspathManager::findClassImpl (308 bytes)

VM state: at safepoint (normal execution)

VM Mutex/Monitor currently owned by a thread:  ([mutex/lock_event])
[0x000001b94738a370] Threads_lock - owner thread: 0x000001b95b18f130
[0x000001b947389a70] Heap_lock - owner thread: 0x000001b947391f10

Heap address: 0x00000000c0000000, size: 1024 MB, Compressed Oops mode: 32-bit

CDS archive(s) not mapped
Compressed class space mapped at: 0x0000000100000000-0x0000000140000000, reserved size: 1073741824
Narrow klass base: 0x0000000000000000, Narrow klass shift: 3, Narrow klass range: 0x140000000

GC Precious Log:
 CPUs: 4 total, 4 available
 Memory: 14284M
 Large Page Support: Disabled
 NUMA Support: Disabled
 Compressed Oops: Enabled (32-bit)
 Alignments: Space 512K, Generation 512K, Heap 2M
 Heap Min Capacity: 100M
 Heap Initial Capacity: 100M
 Heap Max Capacity: 1G
 Pre-touch: Disabled
 Parallel Workers: 4

Heap:
 PSYoungGen      total 25088K, used 1662K [0x00000000eab00000, 0x00000000ec800000, 0x0000000100000000)
  eden space 23040K, 0% used [0x00000000eab00000,0x00000000eab00000,0x00000000ec180000)
  from space 2048K, 81% used [0x00000000ec180000,0x00000000ec31fb50,0x00000000ec380000)
  to   space 3072K, 0% used [0x00000000ec500000,0x00000000ec500000,0x00000000ec800000)
 ParOldGen       total 68608K, used 13214K [0x00000000c0000000, 0x00000000c4300000, 0x00000000eab00000)
  object space 68608K, 19% used [0x00000000c0000000,0x00000000c0ce7b48,0x00000000c4300000)
 Metaspace       used 35142K, committed 35840K, reserved 1081344K
  class space    used 3562K, committed 3904K, reserved 1048576K

Card table byte_map: [0x000001b946d50000,0x000001b946f60000] _byte_map_base: 0x000001b946750000

Marking Bits: (ParMarkBitMap*) 0x00007ffeb84e4b80
 Begin Bits: [0x000001b959020000, 0x000001b95a020000)
 End Bits:   [0x000001b95a020000, 0x000001b95b020000)

Polling page: 0x000001b945240000

Metaspace:

Usage:
  Non-class:     30.84 MB used.
      Class:      3.48 MB used.
       Both:     34.32 MB used.

Virtual space:
  Non-class space:       32.00 MB reserved,      31.19 MB ( 97%) committed,  4 nodes.
      Class space:        1.00 GB reserved,       3.81 MB ( <1%) committed,  1 nodes.
             Both:        1.03 GB reserved,      35.00 MB (  3%) committed. 

Chunk freelists:
   Non-Class:  640.00 KB
       Class:  184.00 KB
        Both:  824.00 KB

MaxMetaspaceSize: unlimited
CompressedClassSpaceSize: 1.00 GB
Initial GC threshold: 21.00 MB
Current GC threshold: 35.00 MB
CDS: off
MetaspaceReclaimPolicy: balanced
 - commit_granule_bytes: 65536.
 - commit_granule_words: 8192.
 - virtual_space_node_default_size: 1048576.
 - enlarge_chunks_in_place: 1.
 - new_chunks_are_fully_committed: 0.
 - uncommit_free_chunks: 1.
 - use_allocation_guard: 0.
 - handle_deallocations: 1.


Internal statistics:

num_allocs_failed_limit: 8.
num_arena_births: 272.
num_arena_deaths: 14.
num_vsnodes_births: 5.
num_vsnodes_deaths: 0.
num_space_committed: 560.
num_space_uncommitted: 0.
num_chunks_returned_to_freelist: 29.
num_chunks_taken_from_freelist: 1341.
num_chunk_merges: 14.
num_chunk_splits: 892.
num_chunks_enlarged: 609.
num_purges: 2.
num_inconsistent_stats: 0.

CodeHeap 'non-profiled nmethods': size=120000Kb used=1475Kb max_used=1475Kb free=118524Kb
 bounds [0x000001b951af0000, 0x000001b951d60000, 0x000001b959020000]
CodeHeap 'profiled nmethods': size=120000Kb used=6980Kb max_used=6980Kb free=113019Kb
 bounds [0x000001b94a5c0000, 0x000001b94aca0000, 0x000001b951af0000]
CodeHeap 'non-nmethods': size=5760Kb used=1255Kb max_used=1294Kb free=4504Kb
 bounds [0x000001b94a020000, 0x000001b94a290000, 0x000001b94a5c0000]
 total_blobs=3942 nmethods=3370 adapters=486
 compilation: enabled
              stopped_count=0, restarted_count=0
 full_count=0

Compilation events (20 events):
Event: 4.761 Thread 0x000001b95b1ee150 3363       3       sun.reflect.generics.parser.SignatureParser::make (8 bytes)
Event: 4.761 Thread 0x000001b95b1ee150 nmethod 3363 0x000001b94ac8c090 code [0x000001b94ac8c240, 0x000001b94ac8c438]
Event: 4.762 Thread 0x000001b95b1ee150 3364       3       sun.reflect.generics.parser.SignatureParser::init (16 bytes)
Event: 4.762 Thread 0x000001b95b1ee150 nmethod 3364 0x000001b94ac8c510 code [0x000001b94ac8c6a0, 0x000001b94ac8c7d8]
Event: 4.762 Thread 0x000001b95b1ee150 3365       3       sun.reflect.generics.scope.AbstractScope::<init> (10 bytes)
Event: 4.762 Thread 0x000001b95b1ee150 nmethod 3365 0x000001b94ac8c890 code [0x000001b94ac8ca20, 0x000001b94ac8cb98]
Event: 4.762 Thread 0x000001b95b1ee150 3366       3       sun.reflect.generics.factory.CoreReflectionFactory::make (10 bytes)
Event: 4.762 Thread 0x000001b95b1ee150 nmethod 3366 0x000001b94ac8cc90 code [0x000001b94ac8ce40, 0x000001b94ac8d078]
Event: 4.763 Thread 0x000001b95b1e7df0 3367       4       sun.reflect.generics.parser.SignatureParser::skipIdentifier (67 bytes)
Event: 4.767 Thread 0x000001b95b1e7df0 nmethod 3367 0x000001b951c5fd10 code [0x000001b951c5fec0, 0x000001b951c601f8]
Event: 4.784 Thread 0x000001b95b1ee150 3368   !   3       sun.reflect.annotation.AnnotationParser::parseAnnotations (37 bytes)
Event: 4.785 Thread 0x000001b95b1ee150 nmethod 3368 0x000001b94ac8d190 code [0x000001b94ac8d380, 0x000001b94ac8d6a8]
Event: 4.785 Thread 0x000001b95b1ee150 3369       3       java.lang.reflect.Method::isSynthetic (5 bytes)
Event: 4.785 Thread 0x000001b95b1ee150 nmethod 3369 0x000001b94ac8d810 code [0x000001b94ac8d9c0, 0x000001b94ac8dbf8]
Event: 4.785 Thread 0x000001b95b1ee150 3370       3       org.eclipse.lsp4j.jsonrpc.services.AnnotationUtil::createMethodInfo (51 bytes)
Event: 4.786 Thread 0x000001b95b1ee150 nmethod 3370 0x000001b94ac8dd10 code [0x000001b94ac8e040, 0x000001b94ac8f318]
Event: 4.787 Thread 0x000001b95b1ee150 3372       3       org.eclipse.lsp4j.jsonrpc.services.AnnotationUtil::isDelegateMethod (77 bytes)
Event: 4.788 Thread 0x000001b95b1ee150 nmethod 3372 0x000001b94ac8f890 code [0x000001b94ac8fbc0, 0x000001b94ac90cc8]
Event: 4.800 Thread 0x000001b95b1e7df0 3373       4       java.lang.Integer::formatUnsignedInt (40 bytes)
Event: 4.803 Thread 0x000001b95b1e7df0 nmethod 3373 0x000001b951c60990 code [0x000001b951c60b20, 0x000001b951c60d78]

GC Heap History (20 events):
Event: 1.365 GC heap after
{Heap after GC invocations=1 (full 0):
 PSYoungGen      total 29696K, used 3288K [0x00000000eab00000, 0x00000000ecc00000, 0x0000000100000000)
  eden space 25600K, 0% used [0x00000000eab00000,0x00000000eab00000,0x00000000ec400000)
  from space 4096K, 80% used [0x00000000ec400000,0x00000000ec7361a0,0x00000000ec800000)
  to   space 4096K, 0% used [0x00000000ec800000,0x00000000ec800000,0x00000000ecc00000)
 ParOldGen       total 68608K, used 0K [0x00000000c0000000, 0x00000000c4300000, 0x00000000eab00000)
  object space 68608K, 0% used [0x00000000c0000000,0x00000000c0000000,0x00000000c4300000)
 Metaspace       used 10810K, committed 11008K, reserved 1064960K
  class space    used 1084K, committed 1152K, reserved 1048576K
}
Event: 2.174 GC heap before
{Heap before GC invocations=2 (full 0):
 PSYoungGen      total 29696K, used 28888K [0x00000000eab00000, 0x00000000ecc00000, 0x0000000100000000)
  eden space 25600K, 100% used [0x00000000eab00000,0x00000000ec400000,0x00000000ec400000)
  from space 4096K, 80% used [0x00000000ec400000,0x00000000ec7361a0,0x00000000ec800000)
  to   space 4096K, 0% used [0x00000000ec800000,0x00000000ec800000,0x00000000ecc00000)
 ParOldGen       total 68608K, used 0K [0x00000000c0000000, 0x00000000c4300000, 0x00000000eab00000)
  object space 68608K, 0% used [0x00000000c0000000,0x00000000c0000000,0x00000000c4300000)
 Metaspace       used 14814K, committed 15104K, reserved 1064960K
  class space    used 1506K, committed 1664K, reserved 1048576K
}
Event: 2.181 GC heap after
{Heap after GC invocations=2 (full 0):
 PSYoungGen      total 29696K, used 4094K [0x00000000eab00000, 0x00000000ecc00000, 0x0000000100000000)
  eden space 25600K, 0% used [0x00000000eab00000,0x00000000eab00000,0x00000000ec400000)
  from space 4096K, 99% used [0x00000000ec800000,0x00000000ecbff9f0,0x00000000ecc00000)
  to   space 4096K, 0% used [0x00000000ec400000,0x00000000ec400000,0x00000000ec800000)
 ParOldGen       total 68608K, used 1336K [0x00000000c0000000, 0x00000000c4300000, 0x00000000eab00000)
  object space 68608K, 1% used [0x00000000c0000000,0x00000000c014e318,0x00000000c4300000)
 Metaspace       used 14814K, committed 15104K, reserved 1064960K
  class space    used 1506K, committed 1664K, reserved 1048576K
}
Event: 2.771 GC heap before
{Heap before GC invocations=3 (full 0):
 PSYoungGen      total 29696K, used 29694K [0x00000000eab00000, 0x00000000ecc00000, 0x0000000100000000)
  eden space 25600K, 100% used [0x00000000eab00000,0x00000000ec400000,0x00000000ec400000)
  from space 4096K, 99% used [0x00000000ec800000,0x00000000ecbff9f0,0x00000000ecc00000)
  to   space 4096K, 0% used [0x00000000ec400000,0x00000000ec400000,0x00000000ec800000)
 ParOldGen       total 68608K, used 1336K [0x00000000c0000000, 0x00000000c4300000, 0x00000000eab00000)
  object space 68608K, 1% used [0x00000000c0000000,0x00000000c014e318,0x00000000c4300000)
 Metaspace       used 17881K, committed 18176K, reserved 1073152K
  class space    used 1799K, committed 1920K, reserved 1048576K
}
Event: 2.777 GC heap after
{Heap after GC invocations=3 (full 0):
 PSYoungGen      total 29696K, used 4068K [0x00000000eab00000, 0x00000000ecc00000, 0x0000000100000000)
  eden space 25600K, 0% used [0x00000000eab00000,0x00000000eab00000,0x00000000ec400000)
  from space 4096K, 99% used [0x00000000ec400000,0x00000000ec7f92a0,0x00000000ec800000)
  to   space 4096K, 0% used [0x00000000ec800000,0x00000000ec800000,0x00000000ecc00000)
 ParOldGen       total 68608K, used 5604K [0x00000000c0000000, 0x00000000c4300000, 0x00000000eab00000)
  object space 68608K, 8% used [0x00000000c0000000,0x00000000c0579088,0x00000000c4300000)
 Metaspace       used 17881K, committed 18176K, reserved 1073152K
  class space    used 1799K, committed 1920K, reserved 1048576K
}
Event: 3.218 GC heap before
{Heap before GC invocations=4 (full 0):
 PSYoungGen      total 29696K, used 20536K [0x00000000eab00000, 0x00000000ecc00000, 0x0000000100000000)
  eden space 25600K, 64% used [0x00000000eab00000,0x00000000ebb14dc0,0x00000000ec400000)
  from space 4096K, 99% used [0x00000000ec400000,0x00000000ec7f92a0,0x00000000ec800000)
  to   space 4096K, 0% used [0x00000000ec800000,0x00000000ec800000,0x00000000ecc00000)
 ParOldGen       total 68608K, used 5604K [0x00000000c0000000, 0x00000000c4300000, 0x00000000eab00000)
  object space 68608K, 8% used [0x00000000c0000000,0x00000000c0579088,0x00000000c4300000)
 Metaspace       used 21118K, committed 21504K, reserved 1073152K
  class space    used 2125K, committed 2368K, reserved 1048576K
}
Event: 3.222 GC heap after
{Heap after GC invocations=4 (full 0):
 PSYoungGen      total 29696K, used 4094K [0x00000000eab00000, 0x00000000ecc00000, 0x0000000100000000)
  eden space 25600K, 0% used [0x00000000eab00000,0x00000000eab00000,0x00000000ec400000)
  from space 4096K, 99% used [0x00000000ec800000,0x00000000ecbffbb8,0x00000000ecc00000)
  to   space 4096K, 0% used [0x00000000ec400000,0x00000000ec400000,0x00000000ec800000)
 ParOldGen       total 68608K, used 6523K [0x00000000c0000000, 0x00000000c4300000, 0x00000000eab00000)
  object space 68608K, 9% used [0x00000000c0000000,0x00000000c065ec58,0x00000000c4300000)
 Metaspace       used 21118K, committed 21504K, reserved 1073152K
  class space    used 2125K, committed 2368K, reserved 1048576K
}
Event: 3.222 GC heap before
{Heap before GC invocations=5 (full 1):
 PSYoungGen      total 29696K, used 4094K [0x00000000eab00000, 0x00000000ecc00000, 0x0000000100000000)
  eden space 25600K, 0% used [0x00000000eab00000,0x00000000eab00000,0x00000000ec400000)
  from space 4096K, 99% used [0x00000000ec800000,0x00000000ecbffbb8,0x00000000ecc00000)
  to   space 4096K, 0% used [0x00000000ec400000,0x00000000ec400000,0x00000000ec800000)
 ParOldGen       total 68608K, used 6523K [0x00000000c0000000, 0x00000000c4300000, 0x00000000eab00000)
  object space 68608K, 9% used [0x00000000c0000000,0x00000000c065ec58,0x00000000c4300000)
 Metaspace       used 21118K, committed 21504K, reserved 1073152K
  class space    used 2125K, committed 2368K, reserved 1048576K
}
Event: 3.250 GC heap after
{Heap after GC invocations=5 (full 1):
 PSYoungGen      total 29696K, used 0K [0x00000000eab00000, 0x00000000ecc00000, 0x0000000100000000)
  eden space 25600K, 0% used [0x00000000eab00000,0x00000000eab00000,0x00000000ec400000)
  from space 4096K, 0% used [0x00000000ec800000,0x00000000ec800000,0x00000000ecc00000)
  to   space 4096K, 0% used [0x00000000ec400000,0x00000000ec400000,0x00000000ec800000)
 ParOldGen       total 68608K, used 10351K [0x00000000c0000000, 0x00000000c4300000, 0x00000000eab00000)
  object space 68608K, 15% used [0x00000000c0000000,0x00000000c0a1bca8,0x00000000c4300000)
 Metaspace       used 21105K, committed 21504K, reserved 1073152K
  class space    used 2122K, committed 2368K, reserved 1048576K
}
Event: 3.658 GC heap before
{Heap before GC invocations=6 (full 1):
 PSYoungGen      total 29696K, used 25427K [0x00000000eab00000, 0x00000000ecc00000, 0x0000000100000000)
  eden space 25600K, 99% used [0x00000000eab00000,0x00000000ec3d4fa0,0x00000000ec400000)
  from space 4096K, 0% used [0x00000000ec800000,0x00000000ec800000,0x00000000ecc00000)
  to   space 4096K, 0% used [0x00000000ec400000,0x00000000ec400000,0x00000000ec800000)
 ParOldGen       total 68608K, used 10351K [0x00000000c0000000, 0x00000000c4300000, 0x00000000eab00000)
  object space 68608K, 15% used [0x00000000c0000000,0x00000000c0a1bca8,0x00000000c4300000)
 Metaspace       used 24438K, committed 24960K, reserved 1073152K
  class space    used 2482K, committed 2688K, reserved 1048576K
}
Event: 3.660 GC heap after
{Heap after GC invocations=6 (full 1):
 PSYoungGen      total 27136K, used 2045K [0x00000000eab00000, 0x00000000eca80000, 0x0000000100000000)
  eden space 25088K, 0% used [0x00000000eab00000,0x00000000eab00000,0x00000000ec380000)
  from space 2048K, 99% used [0x00000000ec400000,0x00000000ec5ff7d8,0x00000000ec600000)
  to   space 3584K, 0% used [0x00000000ec700000,0x00000000ec700000,0x00000000eca80000)
 ParOldGen       total 68608K, used 10359K [0x00000000c0000000, 0x00000000c4300000, 0x00000000eab00000)
  object space 68608K, 15% used [0x00000000c0000000,0x00000000c0a1dca8,0x00000000c4300000)
 Metaspace       used 24438K, committed 24960K, reserved 1073152K
  class space    used 2482K, committed 2688K, reserved 1048576K
}
Event: 3.869 GC heap before
{Heap before GC invocations=7 (full 1):
 PSYoungGen      total 27136K, used 27133K [0x00000000eab00000, 0x00000000eca80000, 0x0000000100000000)
  eden space 25088K, 100% used [0x00000000eab00000,0x00000000ec380000,0x00000000ec380000)
  from space 2048K, 99% used [0x00000000ec400000,0x00000000ec5ff7d8,0x00000000ec600000)
  to   space 3584K, 0% used [0x00000000ec700000,0x00000000ec700000,0x00000000eca80000)
 ParOldGen       total 68608K, used 10359K [0x00000000c0000000, 0x00000000c4300000, 0x00000000eab00000)
  object space 68608K, 15% used [0x00000000c0000000,0x00000000c0a1dca8,0x00000000c4300000)
 Metaspace       used 27681K, committed 28160K, reserved 1081344K
  class space    used 2726K, committed 2944K, reserved 1048576K
}
Event: 3.871 GC heap after
{Heap after GC invocations=7 (full 1):
 PSYoungGen      total 28160K, used 3203K [0x00000000eab00000, 0x00000000eca80000, 0x0000000100000000)
  eden space 24576K, 0% used [0x00000000eab00000,0x00000000eab00000,0x00000000ec300000)
  from space 3584K, 89% used [0x00000000ec700000,0x00000000eca20fc0,0x00000000eca80000)
  to   space 3584K, 0% used [0x00000000ec380000,0x00000000ec380000,0x00000000ec700000)
 ParOldGen       total 68608K, used 10367K [0x00000000c0000000, 0x00000000c4300000, 0x00000000eab00000)
  object space 68608K, 15% used [0x00000000c0000000,0x00000000c0a1fca8,0x00000000c4300000)
 Metaspace       used 27681K, committed 28160K, reserved 1081344K
  class space    used 2726K, committed 2944K, reserved 1048576K
}
Event: 4.150 GC heap before
{Heap before GC invocations=8 (full 1):
 PSYoungGen      total 28160K, used 27779K [0x00000000eab00000, 0x00000000eca80000, 0x0000000100000000)
  eden space 24576K, 100% used [0x00000000eab00000,0x00000000ec300000,0x00000000ec300000)
  from space 3584K, 89% used [0x00000000ec700000,0x00000000eca20fc0,0x00000000eca80000)
  to   space 3584K, 0% used [0x00000000ec380000,0x00000000ec380000,0x00000000ec700000)
 ParOldGen       total 68608K, used 10367K [0x00000000c0000000, 0x00000000c4300000, 0x00000000eab00000)
  object space 68608K, 15% used [0x00000000c0000000,0x00000000c0a1fca8,0x00000000c4300000)
 Metaspace       used 30678K, committed 31232K, reserved 1081344K
  class space    used 2987K, committed 3264K, reserved 1048576K
}
Event: 4.153 GC heap after
{Heap after GC invocations=8 (full 1):
 PSYoungGen      total 27136K, used 2998K [0x00000000eab00000, 0x00000000ec980000, 0x0000000100000000)
  eden space 24064K, 0% used [0x00000000eab00000,0x00000000eab00000,0x00000000ec280000)
  from space 3072K, 97% used [0x00000000ec380000,0x00000000ec66d808,0x00000000ec680000)
  to   space 3072K, 0% used [0x00000000ec680000,0x00000000ec680000,0x00000000ec980000)
 ParOldGen       total 68608K, used 10367K [0x00000000c0000000, 0x00000000c4300000, 0x00000000eab00000)
  object space 68608K, 15% used [0x00000000c0000000,0x00000000c0a1fca8,0x00000000c4300000)
 Metaspace       used 30678K, committed 31232K, reserved 1081344K
  class space    used 2987K, committed 3264K, reserved 1048576K
}
Event: 4.767 GC heap before
{Heap before GC invocations=9 (full 1):
 PSYoungGen      total 27136K, used 27062K [0x00000000eab00000, 0x00000000ec980000, 0x0000000100000000)
  eden space 24064K, 100% used [0x00000000eab00000,0x00000000ec280000,0x00000000ec280000)
  from space 3072K, 97% used [0x00000000ec380000,0x00000000ec66d808,0x00000000ec680000)
  to   space 3072K, 0% used [0x00000000ec680000,0x00000000ec680000,0x00000000ec980000)
 ParOldGen       total 68608K, used 10367K [0x00000000c0000000, 0x00000000c4300000, 0x00000000eab00000)
  object space 68608K, 15% used [0x00000000c0000000,0x00000000c0a1fca8,0x00000000c4300000)
 Metaspace       used 34779K, committed 35456K, reserved 1081344K
  class space    used 3518K, committed 3840K, reserved 1048576K
}
Event: 4.770 GC heap after
{Heap after GC invocations=9 (full 1):
 PSYoungGen      total 26112K, used 3065K [0x00000000eab00000, 0x00000000ecc00000, 0x0000000100000000)
  eden space 23040K, 0% used [0x00000000eab00000,0x00000000eab00000,0x00000000ec180000)
  from space 3072K, 99% used [0x00000000ec680000,0x00000000ec97e720,0x00000000ec980000)
  to   space 5120K, 0% used [0x00000000ec180000,0x00000000ec180000,0x00000000ec680000)
 ParOldGen       total 68608K, used 11695K [0x00000000c0000000, 0x00000000c4300000, 0x00000000eab00000)
  object space 68608K, 17% used [0x00000000c0000000,0x00000000c0b6bea8,0x00000000c4300000)
 Metaspace       used 34779K, committed 35456K, reserved 1081344K
  class space    used 3518K, committed 3840K, reserved 1048576K
}
Event: 4.804 GC heap before
{Heap before GC invocations=10 (full 1):
 PSYoungGen      total 26112K, used 5352K [0x00000000eab00000, 0x00000000ecc00000, 0x0000000100000000)
  eden space 23040K, 9% used [0x00000000eab00000,0x00000000ead3b940,0x00000000ec180000)
  from space 3072K, 99% used [0x00000000ec680000,0x00000000ec97e720,0x00000000ec980000)
  to   space 5120K, 0% used [0x00000000ec180000,0x00000000ec180000,0x00000000ec680000)
 ParOldGen       total 68608K, used 11695K [0x00000000c0000000, 0x00000000c4300000, 0x00000000eab00000)
  object space 68608K, 17% used [0x00000000c0000000,0x00000000c0b6bea8,0x00000000c4300000)
 Metaspace       used 35142K, committed 35840K, reserved 1081344K
  class space    used 3562K, committed 3904K, reserved 1048576K
}
Event: 4.806 GC heap after
{Heap after GC invocations=10 (full 1):
 PSYoungGen      total 25088K, used 1662K [0x00000000eab00000, 0x00000000ec800000, 0x0000000100000000)
  eden space 23040K, 0% used [0x00000000eab00000,0x00000000eab00000,0x00000000ec180000)
  from space 2048K, 81% used [0x00000000ec180000,0x00000000ec31fb50,0x00000000ec380000)
  to   space 3072K, 0% used [0x00000000ec500000,0x00000000ec500000,0x00000000ec800000)
 ParOldGen       total 68608K, used 13214K [0x00000000c0000000, 0x00000000c4300000, 0x00000000eab00000)
  object space 68608K, 19% used [0x00000000c0000000,0x00000000c0ce7b48,0x00000000c4300000)
 Metaspace       used 35142K, committed 35840K, reserved 1081344K
  class space    used 3562K, committed 3904K, reserved 1048576K
}
Event: 4.806 GC heap before
{Heap before GC invocations=11 (full 2):
 PSYoungGen      total 25088K, used 1662K [0x00000000eab00000, 0x00000000ec800000, 0x0000000100000000)
  eden space 23040K, 0% used [0x00000000eab00000,0x00000000eab00000,0x00000000ec180000)
  from space 2048K, 81% used [0x00000000ec180000,0x00000000ec31fb50,0x00000000ec380000)
  to   space 3072K, 0% used [0x00000000ec500000,0x00000000ec500000,0x00000000ec800000)
 ParOldGen       total 68608K, used 13214K [0x00000000c0000000, 0x00000000c4300000, 0x00000000eab00000)
  object space 68608K, 19% used [0x00000000c0000000,0x00000000c0ce7b48,0x00000000c4300000)
 Metaspace       used 35142K, committed 35840K, reserved 1081344K
  class space    used 3562K, committed 3904K, reserved 1048576K
}

Deoptimization events (20 events):
Event: 4.427 Thread 0x000001b95e36bec0 Uncommon trap: trap_request=0xffffff45 fr.pc=0x000001b951bb0a70 relative=0x0000000000000df0
Event: 4.427 Thread 0x000001b95e36bec0 Uncommon trap: reason=unstable_if action=reinterpret pc=0x000001b951bb0a70 method=java.util.Properties$LineReader.readLine()I @ 256 c2
Event: 4.428 Thread 0x000001b95e36bec0 DEOPT PACKING pc=0x000001b951bb0a70 sp=0x00000002dd9fb270
Event: 4.428 Thread 0x000001b95e36bec0 DEOPT UNPACKING pc=0x000001b94a0720a3 sp=0x00000002dd9fb208 mode 2
Event: 4.434 Thread 0x000001b95e36bec0 Uncommon trap: trap_request=0xffffff45 fr.pc=0x000001b951b259a8 relative=0x0000000000000628
Event: 4.434 Thread 0x000001b95e36bec0 Uncommon trap: reason=unstable_if action=reinterpret pc=0x000001b951b259a8 method=java.lang.String.replace(Ljava/lang/CharSequence;Ljava/lang/CharSequence;)Ljava/lang/String; @ 42 c2
Event: 4.434 Thread 0x000001b95e36bec0 DEOPT PACKING pc=0x000001b951b259a8 sp=0x00000002dd9fb740
Event: 4.434 Thread 0x000001b95e36bec0 DEOPT UNPACKING pc=0x000001b94a0720a3 sp=0x00000002dd9fb6c0 mode 2
Event: 4.494 Thread 0x000001b95e36bec0 Uncommon trap: trap_request=0xffffff45 fr.pc=0x000001b951c3a260 relative=0x0000000000000a80
Event: 4.494 Thread 0x000001b95e36bec0 Uncommon trap: reason=unstable_if action=reinterpret pc=0x000001b951c3a260 method=jdk.internal.org.objectweb.asm.SymbolTable.put(Ljdk/internal/org/objectweb/asm/SymbolTable$Entry;)Ljdk/internal/org/objectweb/asm/SymbolTable$Entry; @ 13 c2
Event: 4.494 Thread 0x000001b95e36bec0 DEOPT PACKING pc=0x000001b951c3a260 sp=0x00000002dd9fbc20
Event: 4.494 Thread 0x000001b95e36bec0 DEOPT UNPACKING pc=0x000001b94a0720a3 sp=0x00000002dd9fbb68 mode 2
Event: 4.503 Thread 0x000001b95e36bec0 Uncommon trap: trap_request=0xffffff76 fr.pc=0x000001b951c36b28 relative=0x0000000000000668
Event: 4.503 Thread 0x000001b95e36bec0 Uncommon trap: reason=predicate action=maybe_recompile pc=0x000001b951c36b28 method=java.util.TreeMap.getEntryUsingComparator(Ljava/lang/Object;)Ljava/util/TreeMap$Entry; @ 19 c2
Event: 4.503 Thread 0x000001b95e36bec0 DEOPT PACKING pc=0x000001b951c36b28 sp=0x00000002dd9fc7f0
Event: 4.503 Thread 0x000001b95e36bec0 DEOPT UNPACKING pc=0x000001b94a0720a3 sp=0x00000002dd9fc710 mode 2
Event: 4.530 Thread 0x000001b947391f10 Uncommon trap: trap_request=0xffffff76 fr.pc=0x000001b951c33e60 relative=0x0000000000000620
Event: 4.530 Thread 0x000001b947391f10 Uncommon trap: reason=predicate action=maybe_recompile pc=0x000001b951c33e60 method=java.util.TreeMap.getEntryUsingComparator(Ljava/lang/Object;)Ljava/util/TreeMap$Entry; @ 19 c2
Event: 4.530 Thread 0x000001b947391f10 DEOPT PACKING pc=0x000001b951c33e60 sp=0x00000002dc4fdf30
Event: 4.530 Thread 0x000001b947391f10 DEOPT UNPACKING pc=0x000001b94a0720a3 sp=0x00000002dc4fdee0 mode 2

Classes unloaded (7 events):
Event: 3.226 Thread 0x000001b95b18f130 Unloading class 0x0000000100218c00 'java/lang/invoke/LambdaForm$MH+0x0000000100218c00'
Event: 3.226 Thread 0x000001b95b18f130 Unloading class 0x0000000100218800 'java/lang/invoke/LambdaForm$MH+0x0000000100218800'
Event: 3.226 Thread 0x000001b95b18f130 Unloading class 0x0000000100218400 'java/lang/invoke/LambdaForm$MH+0x0000000100218400'
Event: 3.226 Thread 0x000001b95b18f130 Unloading class 0x0000000100218000 'java/lang/invoke/LambdaForm$MH+0x0000000100218000'
Event: 3.226 Thread 0x000001b95b18f130 Unloading class 0x0000000100217800 'java/lang/invoke/LambdaForm$BMH+0x0000000100217800'
Event: 3.226 Thread 0x000001b95b18f130 Unloading class 0x0000000100217400 'java/lang/invoke/LambdaForm$DMH+0x0000000100217400'
Event: 3.226 Thread 0x000001b95b18f130 Unloading class 0x0000000100214800 'java/lang/invoke/LambdaForm$DMH+0x0000000100214800'

Classes redefined (0 events):
No events

Internal exceptions (20 events):
Event: 2.913 Thread 0x000001b95e36bec0 Exception <a 'java/lang/NoSuchMethodError'{0x00000000eb23ed88}: 'java.lang.Object java.lang.invoke.Invokers$Holder.invokeExact_MT(java.lang.Object, java.lang.Object, java.lang.Object, java.lang.Object)'> (0x00000000eb23ed88) 
thrown [e:\jenkins\tmp\workspace\build\src\src\hotspot\share\interpreter\linkResolver.cpp, line 766]
Event: 3.160 Thread 0x000001b95e36bec0 Exception <a 'java/lang/NoSuchMethodError'{0x00000000eba58088}: 'int java.lang.invoke.DirectMethodHandle$Holder.invokeStaticInit(java.lang.Object, java.lang.Object, java.lang.Object)'> (0x00000000eba58088) 
thrown [e:\jenkins\tmp\workspace\build\src\src\hotspot\share\interpreter\linkResolver.cpp, line 766]
Event: 3.208 Thread 0x000001b95e36bec0 Exception <a 'java/lang/IncompatibleClassChangeError'{0x00000000ebae7a58}: Found class java.lang.Object, but interface was expected> (0x00000000ebae7a58) 
thrown [e:\jenkins\tmp\workspace\build\src\src\hotspot\share\interpreter\linkResolver.cpp, line 833]
Event: 3.463 Thread 0x000001b95e36bec0 Exception <a 'java/io/FileNotFoundException'{0x00000000eb544058}> (0x00000000eb544058) 
thrown [e:\jenkins\tmp\workspace\build\src\src\hotspot\share\prims\jni.cpp, line 516]
Event: 3.542 Thread 0x000001b95e36bec0 Exception <a 'java/lang/NoSuchMethodError'{0x00000000eba28c50}: 'void java.lang.invoke.DirectMethodHandle$Holder.invokeSpecial(java.lang.Object, java.lang.Object, java.lang.Object, int)'> (0x00000000eba28c50) 
thrown [e:\jenkins\tmp\workspace\build\src\src\hotspot\share\interpreter\linkResolver.cpp, line 766]
Event: 3.578 Thread 0x000001b95e972540 Exception <a 'java/lang/NoSuchMethodError'{0x00000000eab74bd8}: 'int java.lang.invoke.DirectMethodHandle$Holder.invokeVirtual(java.lang.Object, java.lang.Object)'> (0x00000000eab74bd8) 
thrown [e:\jenkins\tmp\workspace\build\src\src\hotspot\share\interpreter\linkResolver.cpp, line 766]
Event: 4.045 Thread 0x000001b95e36bec0 Exception <a 'java/lang/ClassNotFoundException'{0x00000000ebb9ef58}: com/sun/org/apache/xerces/internal/impl/msg/spi/DOMMessagesProvider> (0x00000000ebb9ef58) 
thrown [e:\jenkins\tmp\workspace\build\src\src\hotspot\share\classfile\systemDictionary.cpp, line 256]
Event: 4.048 Thread 0x000001b95e36bec0 Exception <a 'java/lang/ClassNotFoundException'{0x00000000ebbcd610}: com/sun/org/apache/xerces/internal/impl/msg/spi/XMLSerializerMessagesProvider> (0x00000000ebbcd610) 
thrown [e:\jenkins\tmp\workspace\build\src\src\hotspot\share\classfile\systemDictionary.cpp, line 256]
Event: 4.048 Thread 0x000001b95e36bec0 Exception <a 'java/lang/ClassNotFoundException'{0x00000000ebbe5908}: com/sun/org/apache/xerces/internal/impl/msg/spi/XMLMessagesProvider> (0x00000000ebbe5908) 
thrown [e:\jenkins\tmp\workspace\build\src\src\hotspot\share\classfile\systemDictionary.cpp, line 256]
Event: 4.091 Thread 0x000001b95e36bec0 Exception <a 'sun/nio/fs/WindowsException'{0x00000000ebf34068}> (0x00000000ebf34068) 
thrown [e:\jenkins\tmp\workspace\build\src\src\hotspot\share\prims\jni.cpp, line 516]
Event: 4.142 Thread 0x000001b95e36bec0 Exception <a 'java/lang/NoSuchMethodError'{0x00000000ec2500c8}: 'java.lang.Object java.lang.invoke.DirectMethodHandle$Holder.invokeStaticInit(java.lang.Object, int, int, int, int)'> (0x00000000ec2500c8) 
thrown [e:\jenkins\tmp\workspace\build\src\src\hotspot\share\interpreter\linkResolver.cpp, line 766]
Event: 4.255 Thread 0x000001b95e36bec0 Exception <a 'java/lang/NoSuchMethodError'{0x00000000eacb0c90}: 'java.lang.Object java.lang.invoke.DirectMethodHandle$Holder.invokeStaticInit(java.lang.Object, java.lang.Object, int, int, int, int)'> (0x00000000eacb0c90) 
thrown [e:\jenkins\tmp\workspace\build\src\src\hotspot\share\interpreter\linkResolver.cpp, line 766]
Event: 4.323 Thread 0x000001b95e36bec0 Exception <a 'java/lang/ClassNotFoundException'{0x00000000eaf77c48}: com/sun/org/apache/xml/internal/serializer/spi/XMLEntitiesProvider> (0x00000000eaf77c48) 
thrown [e:\jenkins\tmp\workspace\build\src\src\hotspot\share\classfile\systemDictionary.cpp, line 256]
Event: 4.405 Thread 0x000001b95e36bec0 Exception <a 'java/io/FileNotFoundException'{0x00000000eb2d8450}> (0x00000000eb2d8450) 
thrown [e:\jenkins\tmp\workspace\build\src\src\hotspot\share\prims\jni.cpp, line 516]
Event: 4.498 Thread 0x000001b95e36bec0 Exception <a 'java/lang/UnsatisfiedLinkError'{0x00000000eb5ebec0}: Não foi possível encontrar o procedimento especificado.
> (0x00000000eb5ebec0) 
thrown [e:\jenkins\tmp\workspace\build\src\src\hotspot\share\prims\jni.cpp, line 535]
Event: 4.502 Thread 0x000001b95e36bec0 Exception <a 'java/io/FileNotFoundException'{0x00000000eb60f7e0}> (0x00000000eb60f7e0) 
thrown [e:\jenkins\tmp\workspace\build\src\src\hotspot\share\prims\jni.cpp, line 516]
Event: 4.508 Thread 0x000001b95e36bec0 Exception <a 'java/io/FileNotFoundException'{0x00000000eb67ed08}> (0x00000000eb67ed08) 
thrown [e:\jenkins\tmp\workspace\build\src\src\hotspot\share\prims\jni.cpp, line 516]
Event: 4.519 Thread 0x000001b95e36bec0 Exception <a 'java/lang/UnsatisfiedLinkError'{0x00000000eb7093a8}: Não foi possível encontrar o procedimento especificado.
> (0x00000000eb7093a8) 
thrown [e:\jenkins\tmp\workspace\build\src\src\hotspot\share\prims\jni.cpp, line 535]
Event: 4.614 Thread 0x000001b95e972a10 Exception <a 'java/lang/NoSuchMethodError'{0x00000000eb976720}: 'java.lang.Object java.lang.invoke.DirectMethodHandle$Holder.newInvokeSpecial(java.lang.Object, java.lang.Object, java.lang.Object, java.lang.Object, java.lang.Object)'> (0x00000000eb976720) 
thrown [e:\jenkins\tmp\workspace\build\src\src\hotspot\share\interpreter\linkResolver.cpp, line 766]
Event: 4.616 Thread 0x000001b947391f10 Exception <a 'java/lang/NoSuchMethodError'{0x00000000eb9b98d0}: 'void java.lang.invoke.DirectMethodHandle$Holder.invokeStatic(java.lang.Object, java.lang.Object, java.lang.Object, java.lang.Object)'> (0x00000000eb9b98d0) 
thrown [e:\jenkins\tmp\workspace\build\src\src\hotspot\share\interpreter\linkResolver.cpp, line 766]

VM Operations (20 events):
Event: 4.128 Executing VM operation: HandshakeAllThreads done
Event: 4.150 Executing VM operation: ParallelGCFailedAllocation
Event: 4.153 Executing VM operation: ParallelGCFailedAllocation done
Event: 4.254 Executing VM operation: HandshakeAllThreads
Event: 4.254 Executing VM operation: HandshakeAllThreads done
Event: 4.322 Executing VM operation: HandshakeAllThreads
Event: 4.323 Executing VM operation: HandshakeAllThreads done
Event: 4.356 Executing VM operation: HandshakeAllThreads
Event: 4.356 Executing VM operation: HandshakeAllThreads done
Event: 4.445 Executing VM operation: HandshakeAllThreads
Event: 4.445 Executing VM operation: HandshakeAllThreads done
Event: 4.483 Executing VM operation: HandshakeAllThreads
Event: 4.483 Executing VM operation: HandshakeAllThreads done
Event: 4.486 Executing VM operation: HandshakeAllThreads
Event: 4.486 Executing VM operation: HandshakeAllThreads done
Event: 4.650 Executing VM operation: HandshakeAllThreads
Event: 4.650 Executing VM operation: HandshakeAllThreads done
Event: 4.767 Executing VM operation: ParallelGCFailedAllocation
Event: 4.770 Executing VM operation: ParallelGCFailedAllocation done
Event: 4.804 Executing VM operation: CollectForMetadataAllocation

Events (20 events):
Event: 4.581 loading class sun/reflect/generics/reflectiveObjects/LazyReflectiveObjectGenerator done
Event: 4.581 loading class sun/reflect/generics/reflectiveObjects/TypeVariableImpl done
Event: 4.618 loading class java/lang/Deprecated
Event: 4.618 loading class java/lang/Deprecated done
Event: 4.619 loading class jdk/internal/vm/annotation/IntrinsicCandidate
Event: 4.619 loading class jdk/internal/vm/annotation/IntrinsicCandidate done
Event: 4.666 loading class sun/reflect/generics/tree/BottomSignature
Event: 4.666 loading class sun/reflect/generics/tree/BottomSignature done
Event: 4.666 loading class sun/reflect/generics/tree/Wildcard
Event: 4.666 loading class sun/reflect/generics/tree/Wildcard done
Event: 4.667 loading class sun/reflect/generics/reflectiveObjects/WildcardTypeImpl
Event: 4.668 loading class java/lang/reflect/WildcardType
Event: 4.668 loading class java/lang/reflect/WildcardType done
Event: 4.668 loading class sun/reflect/generics/reflectiveObjects/WildcardTypeImpl done
Event: 4.708 loading class java/io/FilterReader
Event: 4.708 loading class java/io/FilterReader done
Event: 4.750 loading class sun/reflect/generics/tree/BooleanSignature
Event: 4.750 loading class sun/reflect/generics/tree/BooleanSignature done
Event: 4.750 loading class sun/reflect/generics/tree/ArrayTypeSignature
Event: 4.750 loading class sun/reflect/generics/tree/ArrayTypeSignature done


Dynamic libraries:
0x00007ff6457f0000 - 0x00007ff6457fe000 	c:\Users\andri\.vscode\extensions\redhat.java-1.9.0-win32-x64\jre\17.0.3-win32-x86_64\bin\java.exe
0x00007fff0c470000 - 0x00007fff0c666000 	C:\Windows\SYSTEM32\ntdll.dll
0x00007fff0bed0000 - 0x00007fff0bf8d000 	C:\Windows\System32\KERNEL32.DLL
0x00007fff09f90000 - 0x00007fff0a258000 	C:\Windows\System32\KERNELBASE.dll
0x00007fff09dd0000 - 0x00007fff09ed0000 	C:\Windows\System32\ucrtbase.dll
0x00007ffef10a0000 - 0x00007ffef10b8000 	c:\Users\andri\.vscode\extensions\redhat.java-1.9.0-win32-x64\jre\17.0.3-win32-x86_64\bin\jli.dll
0x00007ffeef470000 - 0x00007ffeef489000 	c:\Users\andri\.vscode\extensions\redhat.java-1.9.0-win32-x64\jre\17.0.3-win32-x86_64\bin\VCRUNTIME140.dll
0x00007fff0bcc0000 - 0x00007fff0be60000 	C:\Windows\System32\USER32.dll
0x00007fff09f60000 - 0x00007fff09f82000 	C:\Windows\System32\win32u.dll
0x00007ffef90f0000 - 0x00007ffef938b000 	C:\Windows\WinSxS\amd64_microsoft.windows.common-controls_6595b64144ccf1df_6.0.19041.488_none_ca04af081b815d21\COMCTL32.dll
0x00007fff0b270000 - 0x00007fff0b30e000 	C:\Windows\System32\msvcrt.dll
0x00007fff0b930000 - 0x00007fff0b95a000 	C:\Windows\System32\GDI32.dll
0x00007fff0a3d0000 - 0x00007fff0a4d9000 	C:\Windows\System32\gdi32full.dll
0x00007fff0a260000 - 0x00007fff0a2fd000 	C:\Windows\System32\msvcp_win.dll
0x00007fff0b900000 - 0x00007fff0b930000 	C:\Windows\System32\IMM32.DLL
0x00007fff05890000 - 0x00007fff0589c000 	c:\Users\andri\.vscode\extensions\redhat.java-1.9.0-win32-x64\jre\17.0.3-win32-x86_64\bin\vcruntime140_1.dll
0x00007ffee8fe0000 - 0x00007ffee9071000 	c:\Users\andri\.vscode\extensions\redhat.java-1.9.0-win32-x64\jre\17.0.3-win32-x86_64\bin\msvcp140.dll
0x00007ffeb7960000 - 0x00007ffeb85a8000 	c:\Users\andri\.vscode\extensions\redhat.java-1.9.0-win32-x64\jre\17.0.3-win32-x86_64\bin\server\jvm.dll
0x00007fff0c380000 - 0x00007fff0c42a000 	C:\Windows\System32\ADVAPI32.dll
0x00007fff0b1d0000 - 0x00007fff0b26b000 	C:\Windows\System32\sechost.dll
0x00007fff0c250000 - 0x00007fff0c374000 	C:\Windows\System32\RPCRT4.dll
0x00007fff0b7f0000 - 0x00007fff0b7f8000 	C:\Windows\System32\PSAPI.DLL
0x00007fff015e0000 - 0x00007fff01607000 	C:\Windows\SYSTEM32\WINMM.dll
0x00007fff02470000 - 0x00007fff0247a000 	C:\Windows\SYSTEM32\VERSION.dll
0x00007fff05860000 - 0x00007fff05869000 	C:\Windows\SYSTEM32\WSOCK32.dll
0x00007fff0b800000 - 0x00007fff0b86b000 	C:\Windows\System32\WS2_32.dll
0x00007fff07b30000 - 0x00007fff07b42000 	C:\Windows\SYSTEM32\kernel.appcore.dll
0x00007ffefe210000 - 0x00007ffefe21a000 	c:\Users\andri\.vscode\extensions\redhat.java-1.9.0-win32-x64\jre\17.0.3-win32-x86_64\bin\jimage.dll
0x00007fff01a80000 - 0x00007fff01c64000 	C:\Windows\SYSTEM32\DBGHELP.DLL
0x00007ffefbcc0000 - 0x00007ffefbcec000 	C:\Windows\SYSTEM32\dbgcore.DLL
0x00007fff0a300000 - 0x00007fff0a37f000 	C:\Windows\System32\bcryptPrimitives.dll
0x00007ffefe1d0000 - 0x00007ffefe1de000 	c:\Users\andri\.vscode\extensions\redhat.java-1.9.0-win32-x64\jre\17.0.3-win32-x86_64\bin\instrument.dll
0x00007ffeeec10000 - 0x00007ffeeec35000 	c:\Users\andri\.vscode\extensions\redhat.java-1.9.0-win32-x64\jre\17.0.3-win32-x86_64\bin\java.dll
0x00007fff09a70000 - 0x00007fff09aac000 	C:\Windows\SYSTEM32\SspiCli.dll
0x00007ffeee940000 - 0x00007ffeee958000 	c:\Users\andri\.vscode\extensions\redhat.java-1.9.0-win32-x64\jre\17.0.3-win32-x86_64\bin\zip.dll
0x00007fff0a540000 - 0x00007fff0ac80000 	C:\Windows\System32\SHELL32.dll
0x00007fff07d30000 - 0x00007fff084c4000 	C:\Windows\SYSTEM32\windows.storage.dll
0x00007fff0b960000 - 0x00007fff0bcb5000 	C:\Windows\System32\combase.dll
0x00007fff09560000 - 0x00007fff0958c000 	C:\Windows\SYSTEM32\Wldp.dll
0x00007fff0b740000 - 0x00007fff0b7ee000 	C:\Windows\System32\SHCORE.dll
0x00007fff0a4e0000 - 0x00007fff0a535000 	C:\Windows\System32\shlwapi.dll
0x00007fff09af0000 - 0x00007fff09b16000 	C:\Windows\SYSTEM32\profapi.dll
0x00007ffeee920000 - 0x00007ffeee939000 	C:\Users\andri\.vscode\extensions\redhat.java-1.9.0-win32-x64\jre\17.0.3-win32-x86_64\bin\net.dll
0x00007fff024a0000 - 0x00007fff025a0000 	C:\Windows\SYSTEM32\WINHTTP.dll
0x00007fff092e0000 - 0x00007fff0934a000 	C:\Windows\system32\mswsock.dll
0x00007ffeee860000 - 0x00007ffeee875000 	C:\Users\andri\.vscode\extensions\redhat.java-1.9.0-win32-x64\jre\17.0.3-win32-x86_64\bin\nio.dll
0x00007ffef93c0000 - 0x00007ffef93d0000 	c:\Users\andri\.vscode\extensions\redhat.java-1.9.0-win32-x64\jre\17.0.3-win32-x86_64\bin\verify.dll
0x00007ffeeda60000 - 0x00007ffeeda9e000 	C:\Users\andri\AppData\Roaming\Code\User\globalStorage\redhat.java\1.9.0\config_win\org.eclipse.equinox.launcher\org.eclipse.equinox.launcher.win32.win32.x86_64_1.2.500.v20220509-0833\eclipse_11700.dll
0x00007fff0bf90000 - 0x00007fff0c0ba000 	C:\Windows\System32\ole32.dll
0x00007fff094b0000 - 0x00007fff094c8000 	C:\Windows\SYSTEM32\CRYPTSP.dll
0x00007fff08c70000 - 0x00007fff08ca4000 	C:\Windows\system32\rsaenh.dll
0x00007fff09ed0000 - 0x00007fff09ef7000 	C:\Windows\System32\bcrypt.dll
0x00007fff09ab0000 - 0x00007fff09ade000 	C:\Windows\SYSTEM32\USERENV.dll
0x00007fff094d0000 - 0x00007fff094dc000 	C:\Windows\SYSTEM32\CRYPTBASE.dll
0x00007fff08fd0000 - 0x00007fff0900b000 	C:\Windows\SYSTEM32\IPHLPAPI.DLL
0x00007fff0b730000 - 0x00007fff0b739000 	C:\Windows\System32\NSI.dll
0x00007fff03f90000 - 0x00007fff03fa7000 	C:\Windows\SYSTEM32\dhcpcsvc6.DLL
0x00007fff03ed0000 - 0x00007fff03eed000 	C:\Windows\SYSTEM32\dhcpcsvc.DLL
0x00007fff09010000 - 0x00007fff090db000 	C:\Windows\SYSTEM32\DNSAPI.dll
0x00007ffeea050000 - 0x00007ffeea094000 	C:\Users\andri\AppData\Local\Temp\jna-92958286\jna3204439394534783690.dll

dbghelp: loaded successfully - version: 4.0.5 - missing functions: none
symbol engine: initialized successfully - sym options: 0x614 - pdb path: .;c:\Users\andri\.vscode\extensions\redhat.java-1.9.0-win32-x64\jre\17.0.3-win32-x86_64\bin;C:\Windows\SYSTEM32;C:\Windows\WinSxS\amd64_microsoft.windows.common-controls_6595b64144ccf1df_6.0.19041.488_none_ca04af081b815d21;c:\Users\andri\.vscode\extensions\redhat.java-1.9.0-win32-x64\jre\17.0.3-win32-x86_64\bin\server;C:\Users\andri\AppData\Roaming\Code\User\globalStorage\redhat.java\1.9.0\config_win\org.eclipse.equinox.launcher\org.eclipse.equinox.launcher.win32.win32.x86_64_1.2.500.v20220509-0833;C:\Users\andri\AppData\Local\Temp\jna-92958286

VM Arguments:
jvm_args: --add-modules=ALL-SYSTEM --add-opens=java.base/java.util=ALL-UNNAMED --add-opens=java.base/java.lang=ALL-UNNAMED --add-opens=java.base/sun.nio.fs=ALL-UNNAMED -Declipse.application=org.eclipse.jdt.ls.core.id1 -Dosgi.bundles.defaultStartLevel=4 -Declipse.product=org.eclipse.jdt.ls.core.product -Djava.import.generatesMetadataFilesAtProjectRoot=false -Dfile.encoding=utf8 -DwatchParentProcess=false -XX:+UseParallelGC -XX:GCTimeRatio=4 -XX:AdaptiveSizePolicyWeight=90 -Dsun.zip.disableMemoryMapping=true -Xmx1G -Xms100m -javaagent:c:\Users\andri\.vscode\extensions\redhat.java-1.9.0-win32-x64\lombok\lombok-1.18.24.jar -XX:+HeapDumpOnOutOfMemoryError -XX:HeapDumpPath=c:\Users\andri\AppData\Roaming\Code\User\workspaceStorage\4faf57daae0bcd7f451f920420ff8149\redhat.java 
java_command: c:\Users\andri\.vscode\extensions\redhat.java-1.9.0-win32-x64\server\plugins\org.eclipse.equinox.launcher_1.6.400.v20210924-0641.jar -configuration c:\Users\andri\AppData\Roaming\Code\User\globalStorage\redhat.java\1.9.0\config_win -data c:\Users\andri\AppData\Roaming\Code\User\workspaceStorage\4faf57daae0bcd7f451f920420ff8149\redhat.java\jdt_ws
java_class_path (initial): c:\Users\andri\.vscode\extensions\redhat.java-1.9.0-win32-x64\server\plugins\org.eclipse.equinox.launcher_1.6.400.v20210924-0641.jar
Launcher Type: SUN_STANDARD

[Global flags]
    uintx AdaptiveSizePolicyWeight                 = 90                                        {product} {command line}
     intx CICompilerCount                          = 3                                         {product} {ergonomic}
    uintx GCTimeRatio                              = 4                                         {product} {command line}
     bool HeapDumpOnOutOfMemoryError               = true                                   {manageable} {command line}
    ccstr HeapDumpPath                             = c:\Users\andri\AppData\Roaming\Code\User\workspaceStorage\4faf57daae0bcd7f451f920420ff8149\redhat.java         {manageable} {command line}
   size_t InitialHeapSize                          = 104857600                                 {product} {command line}
   size_t MaxHeapSize                              = 1073741824                                {product} {command line}
   size_t MaxNewSize                               = 357564416                                 {product} {ergonomic}
   size_t MinHeapDeltaBytes                        = 524288                                    {product} {ergonomic}
   size_t MinHeapSize                              = 104857600                                 {product} {command line}
   size_t NewSize                                  = 34603008                                  {product} {ergonomic}
    uintx NonNMethodCodeHeapSize                   = 5832780                                {pd product} {ergonomic}
    uintx NonProfiledCodeHeapSize                  = 122912730                              {pd product} {ergonomic}
   size_t OldSize                                  = 70254592                                  {product} {ergonomic}
    uintx ProfiledCodeHeapSize                     = 122912730                              {pd product} {ergonomic}
    uintx ReservedCodeCacheSize                    = 251658240                              {pd product} {ergonomic}
     bool SegmentedCodeCache                       = true                                      {product} {ergonomic}
   size_t SoftMaxHeapSize                          = 1073741824                             {manageable} {ergonomic}
     bool UseCompressedClassPointers               = true                           {product lp64_product} {ergonomic}
     bool UseCompressedOops                        = true                           {product lp64_product} {ergonomic}
     bool UseLargePagesIndividualAllocation        = false                                  {pd product} {ergonomic}
     bool UseParallelGC                            = true                                      {product} {command line}

Logging:
Log output configuration:
 #0: stdout all=warning uptime,level,tags
 #1: stderr all=off uptime,level,tags

Environment Variables:
JAVA_HOME=C:\Users\andri\AppData\Local\Programs\Eclipse Adoptium\jdk-17.0.4.8-hotspot\
PATH=C:\Windows\system32;C:\Windows;C:\Windows\System32\Wbem;C:\Windows\System32\WindowsPowerShell\v1.0\;C:\Windows\System32\OpenSSH\;C:\Users\andri\AppData\Local\Programs\Eclipse Adoptium\jdk-17.0.4.8-hotspot\bin;C:\Users\andri\AppData\Local\Microsoft\WindowsApps;C:\Users\andri\AppData\Local\Programs\Microsoft VS Code\bin
OS=Windows_NT
PROCESSOR_IDENTIFIER=AMD64 Family 23 Model 24 Stepping 1, AuthenticAMD



---------------  S Y S T E M  ---------------

OS:
 Windows 10 , 64 bit Build 19041 (10.0.19041.546)
OS uptime: 0 days 1:45 hours

CPU: total 4 (initial active 4) (4 cores per cpu, 1 threads per core) family 23 model 24 stepping 1 microcode 0x0, cx8, cmov, fxsr, mmx, 3dnowpref, sse, sse2, sse3, ssse3, sse4a, sse4.1, sse4.2, popcnt, lzcnt, tsc, tscinvbit, avx, avx2, aes, clmul, bmi1, bmi2, adx, sha, fma, vzeroupper, clflush, clflushopt

Memory: 4k page, system-wide physical 14284M (9808M free)
TotalPageFile size 16972M (AvailPageFile size 11637M)
current process WorkingSet (physical memory assigned to process): 169M, peak: 169M
current process commit charge ("private bytes"): 256M, peak: 259M

vm_info: OpenJDK 64-Bit Server VM (17.0.3+7) for windows-amd64 JRE (17.0.3+7), built on Apr 19 2022 16:55:35 by "" with MS VC++ 16.7 (VS2019)

END.
