#
# A fatal error has been detected by the Java Runtime Environment:
#
#  Internal Error (methodData.cpp:1142), pid=5144, tid=9320
#  Error: ShouldNotReachHere()
#
# JRE version: OpenJDK Runtime Environment Temurin-17.0.3+7 (17.0.3+7) (build 17.0.3+7)
# Java VM: OpenJDK 64-Bit Server VM Temurin-17.0.3+7 (17.0.3+7, mixed mode, tiered, compressed oops, compressed class ptrs, parallel gc, windows-amd64)
# No core dump will be written. Minidumps are not enabled by default on client versions of Windows
#
# If you would like to submit a bug report, please visit:
#   https://github.com/adoptium/adoptium-support/issues
#

---------------  S U M M A R Y ------------

Command Line: --add-modules=ALL-SYSTEM --add-opens=java.base/java.util=ALL-UNNAMED --add-opens=java.base/java.lang=ALL-UNNAMED --add-opens=java.base/sun.nio.fs=ALL-UNNAMED -Declipse.application=org.eclipse.jdt.ls.core.id1 -Dosgi.bundles.defaultStartLevel=4 -Declipse.product=org.eclipse.jdt.ls.core.product -Djava.import.generatesMetadataFilesAtProjectRoot=false -Dfile.encoding=utf8 -DwatchParentProcess=false -XX:+UseParallelGC -XX:GCTimeRatio=4 -XX:AdaptiveSizePolicyWeight=90 -Dsun.zip.disableMemoryMapping=true -Xmx1G -Xms100m -javaagent:c:\Users\andri\.vscode\extensions\redhat.java-1.9.0-win32-x64\lombok\lombok-1.18.24.jar c:\Users\andri\.vscode\extensions\redhat.java-1.9.0-win32-x64\server\plugins\org.eclipse.equinox.launcher_1.6.400.v20210924-0641.jar -configuration c:\Users\andri\AppData\Roaming\Code\User\globalStorage\redhat.java\1.9.0\config_ss_win -data c:\Users\andri\AppData\Roaming\Code\User\workspaceStorage\4faf57daae0bcd7f451f920420ff8149\redhat.java\ss_ws

Host: AMD Ryzen 3 3200G with Radeon Vega Graphics    , 4 cores, 13G,  Windows 10 , 64 bit Build 19041 (10.0.19041.546)
Time: Sat Jul 23 10:37:03 2022 Hora oficial do Brasil elapsed time: 2.051786 seconds (0d 0h 0m 2s)

---------------  T H R E A D  ---------------

Current thread (0x000002075b8f7ae0):  VMThread "VM Thread" [stack: 0x000000e125000000,0x000000e125100000] [id=9320]

Stack: [0x000000e125000000,0x000000e125100000]
Native frames: (J=compiled Java code, j=interpreted, Vv=VM code, C=native code)
V  [jvm.dll+0x675efa]
V  [jvm.dll+0x830a24]
V  [jvm.dll+0x8321ce]
V  [jvm.dll+0x8327e7]
V  [jvm.dll+0x2453ec]
V  [jvm.dll+0x245333]
V  [jvm.dll+0x62e5fa]
V  [jvm.dll+0x62d711]
V  [jvm.dll+0x36c238]
V  [jvm.dll+0x539c6c]
V  [jvm.dll+0x6afc74]
V  [jvm.dll+0x6aed1d]
V  [jvm.dll+0x6ae97a]
V  [jvm.dll+0x210303]
V  [jvm.dll+0x32c57c]
V  [jvm.dll+0x836cdb]
V  [jvm.dll+0x837a14]
V  [jvm.dll+0x837f2c]
V  [jvm.dll+0x838304]
V  [jvm.dll+0x8383d0]
V  [jvm.dll+0x7e0cfa]
V  [jvm.dll+0x674d85]
C  [ucrtbase.dll+0x214c2]
C  [KERNEL32.DLL+0x17034]
C  [ntdll.dll+0x4cec1]

VM_Operation (0x000000e1263f9190): CollectForMetadataAllocation, mode: safepoint, requested by thread 0x000002075de01280


---------------  P R O C E S S  ---------------

Threads class SMR info:
_java_thread_list=0x000002075eab5e20, length=21, elements={
0x0000020745bad0e0, 0x000002075b912b60, 0x000002075b9161d0, 0x000002075b93a160,
0x000002075b93aee0, 0x000002075b940220, 0x000002075b941c50, 0x000002075b943900,
0x000002075b9442b0, 0x000002075b9516f0, 0x000002075d40dfe0, 0x000002075d556d60,
0x000002075d556000, 0x000002075de35c60, 0x000002075dec3e60, 0x000002075de01280,
0x000002075de6ffa0, 0x000002075ea15f30, 0x000002075dc102c0, 0x000002075dd48890,
0x000002075eb5b4b0
}

Java Threads: ( => current thread )
  0x0000020745bad0e0 JavaThread "main" [_thread_blocked, id=4076, stack(0x000000e124e00000,0x000000e124f00000)]
  0x000002075b912b60 JavaThread "Reference Handler" daemon [_thread_blocked, id=8608, stack(0x000000e125100000,0x000000e125200000)]
  0x000002075b9161d0 JavaThread "Finalizer" daemon [_thread_blocked, id=6644, stack(0x000000e125200000,0x000000e125300000)]
  0x000002075b93a160 JavaThread "Signal Dispatcher" daemon [_thread_blocked, id=4616, stack(0x000000e125300000,0x000000e125400000)]
  0x000002075b93aee0 JavaThread "Attach Listener" daemon [_thread_blocked, id=6300, stack(0x000000e125400000,0x000000e125500000)]
  0x000002075b940220 JavaThread "Service Thread" daemon [_thread_blocked, id=6696, stack(0x000000e125500000,0x000000e125600000)]
  0x000002075b941c50 JavaThread "Monitor Deflation Thread" daemon [_thread_blocked, id=6892, stack(0x000000e125600000,0x000000e125700000)]
  0x000002075b943900 JavaThread "C2 CompilerThread0" daemon [_thread_blocked, id=4720, stack(0x000000e125700000,0x000000e125800000)]
  0x000002075b9442b0 JavaThread "C1 CompilerThread0" daemon [_thread_blocked, id=5696, stack(0x000000e125800000,0x000000e125900000)]
  0x000002075b9516f0 JavaThread "Sweeper thread" daemon [_thread_blocked, id=5260, stack(0x000000e125900000,0x000000e125a00000)]
  0x000002075d40dfe0 JavaThread "Common-Cleaner" daemon [_thread_blocked, id=1984, stack(0x000000e125a00000,0x000000e125b00000)]
  0x000002075d556d60 JavaThread "Notification Thread" daemon [_thread_blocked, id=1804, stack(0x000000e125b00000,0x000000e125c00000)]
  0x000002075d556000 JavaThread "C2 CompilerThread1" daemon [_thread_blocked, id=8708, stack(0x000000e125d00000,0x000000e125e00000)]
  0x000002075de35c60 JavaThread "Active Thread: Equinox Container: 877dbf0e-fb93-439e-b268-5542d3510f19" [_thread_blocked, id=3904, stack(0x000000e126100000,0x000000e126200000)]
  0x000002075dec3e60 JavaThread "Framework Event Dispatcher: Equinox Container: 877dbf0e-fb93-439e-b268-5542d3510f19" daemon [_thread_blocked, id=5744, stack(0x000000e126200000,0x000000e126300000)]
  0x000002075de01280 JavaThread "Start Level: Equinox Container: 877dbf0e-fb93-439e-b268-5542d3510f19" daemon [_thread_blocked, id=2080, stack(0x000000e126300000,0x000000e126400000)]
  0x000002075de6ffa0 JavaThread "SCR Component Actor" daemon [_thread_blocked, id=1280, stack(0x000000e126400000,0x000000e126500000)]
  0x000002075ea15f30 JavaThread "SCR Component Registry" daemon [_thread_blocked, id=9096, stack(0x000000e126500000,0x000000e126600000)]
  0x000002075dc102c0 JavaThread "Worker-JM" [_thread_blocked, id=5220, stack(0x000000e126600000,0x000000e126700000)]
  0x000002075dd48890 JavaThread "Worker-0" [_thread_blocked, id=5148, stack(0x000000e126700000,0x000000e126800000)]
  0x000002075eb5b4b0 JavaThread "Worker-1" [_thread_blocked, id=7036, stack(0x000000e126800000,0x000000e126900000)]

Other Threads:
=>0x000002075b8f7ae0 VMThread "VM Thread" [stack: 0x000000e125000000,0x000000e125100000] [id=9320]
  0x000002075d5e3890 WatcherThread [stack: 0x000000e125c00000,0x000000e125d00000] [id=8864]
  0x0000020745bc2d10 GCTaskThread "GC Thread#0" [stack: 0x000000e124f00000,0x000000e125000000] [id=9108]
  0x000002075dac0900 GCTaskThread "GC Thread#1" [stack: 0x000000e125e00000,0x000000e125f00000] [id=5164]
  0x000002075dac0bb0 GCTaskThread "GC Thread#2" [stack: 0x000000e125f00000,0x000000e126000000] [id=10032]
  0x000002075dac0e60 GCTaskThread "GC Thread#3" [stack: 0x000000e126000000,0x000000e126100000] [id=1536]

Threads with active compile tasks:

VM state: at safepoint (normal execution)

VM Mutex/Monitor currently owned by a thread:  ([mutex/lock_event])
[0x0000020745ba9a50] Threads_lock - owner thread: 0x000002075b8f7ae0
[0x0000020745ba8580] Heap_lock - owner thread: 0x000002075de01280

Heap address: 0x00000000c0000000, size: 1024 MB, Compressed Oops mode: 32-bit

CDS archive(s) not mapped
Compressed class space mapped at: 0x0000000100000000-0x0000000140000000, reserved size: 1073741824
Narrow klass base: 0x0000000000000000, Narrow klass shift: 3, Narrow klass range: 0x140000000

GC Precious Log:
 CPUs: 4 total, 4 available
 Memory: 14284M
 Large Page Support: Disabled
 NUMA Support: Disabled
 Compressed Oops: Enabled (32-bit)
 Alignments: Space 512K, Generation 512K, Heap 2M
 Heap Min Capacity: 100M
 Heap Initial Capacity: 100M
 Heap Max Capacity: 1G
 Pre-touch: Disabled
 Parallel Workers: 4

Heap:
 PSYoungGen      total 29696K, used 4092K [0x00000000eab00000, 0x00000000ecc00000, 0x0000000100000000)
  eden space 25600K, 0% used [0x00000000eab00000,0x00000000eab00000,0x00000000ec400000)
  from space 4096K, 99% used [0x00000000ec800000,0x00000000ecbff330,0x00000000ecc00000)
  to   space 4096K, 0% used [0x00000000ec400000,0x00000000ec400000,0x00000000ec800000)
 ParOldGen       total 68608K, used 3039K [0x00000000c0000000, 0x00000000c4300000, 0x00000000eab00000)
  object space 68608K, 4% used [0x00000000c0000000,0x00000000c02f7d30,0x00000000c4300000)
 Metaspace       used 21088K, committed 21504K, reserved 1073152K
  class space    used 2150K, committed 2368K, reserved 1048576K

Card table byte_map: [0x0000020759200000,0x0000020759410000] _byte_map_base: 0x0000020758c00000

Marking Bits: (ParMarkBitMap*) 0x00007ffe75e04b80
 Begin Bits: [0x0000020759570000, 0x000002075a570000)
 End Bits:   [0x000002075a570000, 0x000002075b570000)

Polling page: 0x0000020745c90000

Metaspace:

Usage:
  Non-class:     18.49 MB used.
      Class:      2.10 MB used.
       Both:     20.59 MB used.

Virtual space:
  Non-class space:       24.00 MB reserved,      18.69 MB ( 78%) committed,  3 nodes.
      Class space:        1.00 GB reserved,       2.31 MB ( <1%) committed,  1 nodes.
             Both:        1.02 GB reserved,      21.00 MB (  2%) committed. 

Chunk freelists:
   Non-Class:  640.00 KB
       Class:  1.74 MB
        Both:  2.36 MB

MaxMetaspaceSize: unlimited
CompressedClassSpaceSize: 1.00 GB
Initial GC threshold: 21.00 MB
Current GC threshold: 21.00 MB
CDS: off
MetaspaceReclaimPolicy: balanced
 - commit_granule_bytes: 65536.
 - commit_granule_words: 8192.
 - virtual_space_node_default_size: 1048576.
 - enlarge_chunks_in_place: 1.
 - new_chunks_are_fully_committed: 0.
 - uncommit_free_chunks: 1.
 - use_allocation_guard: 0.
 - handle_deallocations: 1.


Internal statistics:

num_allocs_failed_limit: 3.
num_arena_births: 168.
num_arena_deaths: 0.
num_vsnodes_births: 4.
num_vsnodes_deaths: 0.
num_space_committed: 336.
num_space_uncommitted: 0.
num_chunks_returned_to_freelist: 3.
num_chunks_taken_from_freelist: 640.
num_chunk_merges: 3.
num_chunk_splits: 429.
num_chunks_enlarged: 301.
num_purges: 0.
num_inconsistent_stats: 0.

CodeHeap 'non-profiled nmethods': size=120000Kb used=818Kb max_used=818Kb free=119181Kb
 bounds [0x0000020751ae0000, 0x0000020751d50000, 0x0000020759010000]
CodeHeap 'profiled nmethods': size=120000Kb used=4274Kb max_used=4274Kb free=115725Kb
 bounds [0x000002074a5b0000, 0x000002074a9e0000, 0x0000020751ae0000]
CodeHeap 'non-nmethods': size=5760Kb used=1187Kb max_used=1202Kb free=4572Kb
 bounds [0x000002074a010000, 0x000002074a280000, 0x000002074a5b0000]
 total_blobs=2645 nmethods=2159 adapters=400
 compilation: enabled
              stopped_count=0, restarted_count=0
 full_count=0

Compilation events (20 events):
Event: 2.026 Thread 0x000002075b9442b0 2149       1       jdk.internal.reflect.NativeConstructorAccessorImpl::setParent (6 bytes)
Event: 2.026 Thread 0x000002075b9442b0 nmethod 2149 0x0000020751bab690 code [0x0000020751bab820, 0x0000020751bab8f8]
Event: 2.027 Thread 0x000002075b9442b0 2153   !   3       org.eclipse.osgi.framework.util.SecureAction::start (61 bytes)
Event: 2.027 Thread 0x000002075b9442b0 nmethod 2153 0x000002074a9d8590 code [0x000002074a9d87c0, 0x000002074a9d9118]
Event: 2.031 Thread 0x000002075b9442b0 2154       3       org.eclipse.core.runtime.Path::append (150 bytes)
Event: 2.032 Thread 0x000002075b9442b0 nmethod 2154 0x000002074a9d9410 code [0x000002074a9d9740, 0x000002074a9da948]
Event: 2.032 Thread 0x000002075b9442b0 2155       1       org.eclipse.core.internal.dtree.AbstractDataTreeNode::isDelta (2 bytes)
Event: 2.032 Thread 0x000002075b9442b0 nmethod 2155 0x0000020751bab990 code [0x0000020751babb20, 0x0000020751babbf8]
Event: 2.032 Thread 0x000002075b9442b0 2156       3       jdk.internal.misc.Unsafe::checkNativeAddress (28 bytes)
Event: 2.032 Thread 0x000002075b9442b0 nmethod 2156 0x000002074a9dae90 code [0x000002074a9db020, 0x000002074a9db138]
Event: 2.032 Thread 0x000002075b9442b0 2157       3       jdk.internal.misc.Unsafe::copyMemory (33 bytes)
Event: 2.033 Thread 0x000002075b9442b0 nmethod 2157 0x000002074a9db210 code [0x000002074a9db4c0, 0x000002074a9dc1d8]
Event: 2.033 Thread 0x000002075b9442b0 2158       3       java.lang.ThreadLocal$ThreadLocalMap::nextIndex (15 bytes)
Event: 2.033 Thread 0x000002075b9442b0 nmethod 2158 0x000002074a9dc790 code [0x000002074a9dc920, 0x000002074a9dca58]
Event: 2.037 Thread 0x000002075b9442b0 2159       1       org.eclipse.osgi.storage.BundleInfo::getStorage (5 bytes)
Event: 2.037 Thread 0x000002075b9442b0 nmethod 2159 0x0000020751babc90 code [0x0000020751babe20, 0x0000020751babef8]
Event: 2.037 Thread 0x000002075b943900 2160       4       java.util.zip.ZipFile$Source::isMetaName (141 bytes)
Event: 2.038 Thread 0x000002075d556000 2161       4       java.util.zip.ZipFile$Source::nextEntryPos (22 bytes)
Event: 2.039 Thread 0x000002075b943900 nmethod 2160 0x0000020751babf90 code [0x0000020751bac120, 0x0000020751bac378]
Event: 2.039 Thread 0x000002075d556000 nmethod 2161 0x0000020751bac590 code [0x0000020751bac700, 0x0000020751bac838]

GC Heap History (9 events):
Event: 0.846 GC heap before
{Heap before GC invocations=1 (full 0):
 PSYoungGen      total 29696K, used 25600K [0x00000000eab00000, 0x00000000ecc00000, 0x0000000100000000)
  eden space 25600K, 100% used [0x00000000eab00000,0x00000000ec400000,0x00000000ec400000)
  from space 4096K, 0% used [0x00000000ec800000,0x00000000ec800000,0x00000000ecc00000)
  to   space 4096K, 0% used [0x00000000ec400000,0x00000000ec400000,0x00000000ec800000)
 ParOldGen       total 68608K, used 0K [0x00000000c0000000, 0x00000000c4300000, 0x00000000eab00000)
  object space 68608K, 0% used [0x00000000c0000000,0x00000000c0000000,0x00000000c4300000)
 Metaspace       used 10832K, committed 11008K, reserved 1064960K
  class space    used 1089K, committed 1152K, reserved 1048576K
}
Event: 0.851 GC heap after
{Heap after GC invocations=1 (full 0):
 PSYoungGen      total 29696K, used 3240K [0x00000000eab00000, 0x00000000ecc00000, 0x0000000100000000)
  eden space 25600K, 0% used [0x00000000eab00000,0x00000000eab00000,0x00000000ec400000)
  from space 4096K, 79% used [0x00000000ec400000,0x00000000ec72a1b0,0x00000000ec800000)
  to   space 4096K, 0% used [0x00000000ec800000,0x00000000ec800000,0x00000000ecc00000)
 ParOldGen       total 68608K, used 16K [0x00000000c0000000, 0x00000000c4300000, 0x00000000eab00000)
  object space 68608K, 0% used [0x00000000c0000000,0x00000000c0004000,0x00000000c4300000)
 Metaspace       used 10832K, committed 11008K, reserved 1064960K
  class space    used 1089K, committed 1152K, reserved 1048576K
}
Event: 1.442 GC heap before
{Heap before GC invocations=2 (full 0):
 PSYoungGen      total 29696K, used 28840K [0x00000000eab00000, 0x00000000ecc00000, 0x0000000100000000)
  eden space 25600K, 100% used [0x00000000eab00000,0x00000000ec400000,0x00000000ec400000)
  from space 4096K, 79% used [0x00000000ec400000,0x00000000ec72a1b0,0x00000000ec800000)
  to   space 4096K, 0% used [0x00000000ec800000,0x00000000ec800000,0x00000000ecc00000)
 ParOldGen       total 68608K, used 16K [0x00000000c0000000, 0x00000000c4300000, 0x00000000eab00000)
  object space 68608K, 0% used [0x00000000c0000000,0x00000000c0004000,0x00000000c4300000)
 Metaspace       used 15184K, committed 15424K, reserved 1064960K
  class space    used 1551K, committed 1664K, reserved 1048576K
}
Event: 1.446 GC heap after
{Heap after GC invocations=2 (full 0):
 PSYoungGen      total 29696K, used 4087K [0x00000000eab00000, 0x00000000ecc00000, 0x0000000100000000)
  eden space 25600K, 0% used [0x00000000eab00000,0x00000000eab00000,0x00000000ec400000)
  from space 4096K, 99% used [0x00000000ec800000,0x00000000ecbfde58,0x00000000ecc00000)
  to   space 4096K, 0% used [0x00000000ec400000,0x00000000ec400000,0x00000000ec800000)
 ParOldGen       total 68608K, used 710K [0x00000000c0000000, 0x00000000c4300000, 0x00000000eab00000)
  object space 68608K, 1% used [0x00000000c0000000,0x00000000c00b1840,0x00000000c4300000)
 Metaspace       used 15184K, committed 15424K, reserved 1064960K
  class space    used 1551K, committed 1664K, reserved 1048576K
}
Event: 1.951 GC heap before
{Heap before GC invocations=3 (full 0):
 PSYoungGen      total 29696K, used 29687K [0x00000000eab00000, 0x00000000ecc00000, 0x0000000100000000)
  eden space 25600K, 100% used [0x00000000eab00000,0x00000000ec400000,0x00000000ec400000)
  from space 4096K, 99% used [0x00000000ec800000,0x00000000ecbfde58,0x00000000ecc00000)
  to   space 4096K, 0% used [0x00000000ec400000,0x00000000ec400000,0x00000000ec800000)
 ParOldGen       total 68608K, used 710K [0x00000000c0000000, 0x00000000c4300000, 0x00000000eab00000)
  object space 68608K, 1% used [0x00000000c0000000,0x00000000c00b1840,0x00000000c4300000)
 Metaspace       used 20188K, committed 20544K, reserved 1073152K
  class space    used 2061K, committed 2176K, reserved 1048576K
}
Event: 1.956 GC heap after
{Heap after GC invocations=3 (full 0):
 PSYoungGen      total 29696K, used 4072K [0x00000000eab00000, 0x00000000ecc00000, 0x0000000100000000)
  eden space 25600K, 0% used [0x00000000eab00000,0x00000000eab00000,0x00000000ec400000)
  from space 4096K, 99% used [0x00000000ec400000,0x00000000ec7fa1f0,0x00000000ec800000)
  to   space 4096K, 0% used [0x00000000ec800000,0x00000000ec800000,0x00000000ecc00000)
 ParOldGen       total 68608K, used 2678K [0x00000000c0000000, 0x00000000c4300000, 0x00000000eab00000)
  object space 68608K, 3% used [0x00000000c0000000,0x00000000c029db18,0x00000000c4300000)
 Metaspace       used 20188K, committed 20544K, reserved 1073152K
  class space    used 2061K, committed 2176K, reserved 1048576K
}
Event: 2.040 GC heap before
{Heap before GC invocations=4 (full 0):
 PSYoungGen      total 29696K, used 9817K [0x00000000eab00000, 0x00000000ecc00000, 0x0000000100000000)
  eden space 25600K, 22% used [0x00000000eab00000,0x00000000eb09c378,0x00000000ec400000)
  from space 4096K, 99% used [0x00000000ec400000,0x00000000ec7fa1f0,0x00000000ec800000)
  to   space 4096K, 0% used [0x00000000ec800000,0x00000000ec800000,0x00000000ecc00000)
 ParOldGen       total 68608K, used 2678K [0x00000000c0000000, 0x00000000c4300000, 0x00000000eab00000)
  object space 68608K, 3% used [0x00000000c0000000,0x00000000c029db18,0x00000000c4300000)
 Metaspace       used 21088K, committed 21504K, reserved 1073152K
  class space    used 2150K, committed 2368K, reserved 1048576K
}
Event: 2.043 GC heap after
{Heap after GC invocations=4 (full 0):
 PSYoungGen      total 29696K, used 4092K [0x00000000eab00000, 0x00000000ecc00000, 0x0000000100000000)
  eden space 25600K, 0% used [0x00000000eab00000,0x00000000eab00000,0x00000000ec400000)
  from space 4096K, 99% used [0x00000000ec800000,0x00000000ecbff330,0x00000000ecc00000)
  to   space 4096K, 0% used [0x00000000ec400000,0x00000000ec400000,0x00000000ec800000)
 ParOldGen       total 68608K, used 3039K [0x00000000c0000000, 0x00000000c4300000, 0x00000000eab00000)
  object space 68608K, 4% used [0x00000000c0000000,0x00000000c02f7d30,0x00000000c4300000)
 Metaspace       used 21088K, committed 21504K, reserved 1073152K
  class space    used 2150K, committed 2368K, reserved 1048576K
}
Event: 2.043 GC heap before
{Heap before GC invocations=5 (full 1):
 PSYoungGen      total 29696K, used 4092K [0x00000000eab00000, 0x00000000ecc00000, 0x0000000100000000)
  eden space 25600K, 0% used [0x00000000eab00000,0x00000000eab00000,0x00000000ec400000)
  from space 4096K, 99% used [0x00000000ec800000,0x00000000ecbff330,0x00000000ecc00000)
  to   space 4096K, 0% used [0x00000000ec400000,0x00000000ec400000,0x00000000ec800000)
 ParOldGen       total 68608K, used 3039K [0x00000000c0000000, 0x00000000c4300000, 0x00000000eab00000)
  object space 68608K, 4% used [0x00000000c0000000,0x00000000c02f7d30,0x00000000c4300000)
 Metaspace       used 21088K, committed 21504K, reserved 1073152K
  class space    used 2150K, committed 2368K, reserved 1048576K
}

Deoptimization events (20 events):
Event: 1.648 Thread 0x000002075de01280 DEOPT PACKING pc=0x0000020751b05c48 sp=0x000000e1263f81f0
Event: 1.648 Thread 0x000002075de01280 DEOPT UNPACKING pc=0x000002074a0620a3 sp=0x000000e1263f8188 mode 2
Event: 1.768 Thread 0x000002075de01280 Uncommon trap: trap_request=0xffffff45 fr.pc=0x0000020751b112b8 relative=0x0000000000000b98
Event: 1.768 Thread 0x000002075de01280 Uncommon trap: reason=unstable_if action=reinterpret pc=0x0000020751b112b8 method=lombok.patcher.PatchScript.classMatches(Ljava/lang/String;Ljava/util/Collection;)Z @ 25 c2
Event: 1.768 Thread 0x000002075de01280 DEOPT PACKING pc=0x0000020751b112b8 sp=0x000000e1263f6d70
Event: 1.768 Thread 0x000002075de01280 DEOPT UNPACKING pc=0x000002074a0620a3 sp=0x000000e1263f6d30 mode 2
Event: 1.839 Thread 0x000002075de01280 Uncommon trap: trap_request=0xffffff45 fr.pc=0x0000020751b97ddc relative=0x0000000000000f1c
Event: 1.839 Thread 0x000002075de01280 Uncommon trap: reason=unstable_if action=reinterpret pc=0x0000020751b97ddc method=java.util.Properties.loadConvert([CIILjava/lang/StringBuilder;)Ljava/lang/String; @ 491 c2
Event: 1.839 Thread 0x000002075de01280 DEOPT PACKING pc=0x0000020751b97ddc sp=0x000000e1263f7b30
Event: 1.839 Thread 0x000002075de01280 DEOPT UNPACKING pc=0x000002074a0620a3 sp=0x000000e1263f7b20 mode 2
Event: 1.908 Thread 0x000002075de01280 DEOPT PACKING pc=0x000002074a95da4e sp=0x000000e1263f9660
Event: 1.908 Thread 0x000002075de01280 DEOPT UNPACKING pc=0x000002074a062843 sp=0x000000e1263f8aa8 mode 0
Event: 1.919 Thread 0x000002075de01280 Uncommon trap: trap_request=0x00000030 fr.pc=0x0000020751b423a0 relative=0x0000000000000940
Event: 1.919 Thread 0x000002075de01280 Uncommon trap: reason=unloaded action=reinterpret pc=0x0000020751b423a0 method=java.io.DataInputStream.readUnsignedShort()I @ 22 c2
Event: 1.919 Thread 0x000002075de01280 DEOPT PACKING pc=0x0000020751b423a0 sp=0x000000e1263f96f0
Event: 1.919 Thread 0x000002075de01280 DEOPT UNPACKING pc=0x000002074a0620a3 sp=0x000000e1263f9610 mode 2
Event: 1.946 Thread 0x000002075de01280 Uncommon trap: trap_request=0xffffff45 fr.pc=0x0000020751b64440 relative=0x0000000000000040
Event: 1.946 Thread 0x000002075de01280 Uncommon trap: reason=unstable_if action=reinterpret pc=0x0000020751b64440 method=sun.nio.fs.WindowsPathParser.isSlash(C)Z @ 9 c2
Event: 1.947 Thread 0x000002075de01280 DEOPT PACKING pc=0x0000020751b64440 sp=0x000000e1263f91b0
Event: 1.947 Thread 0x000002075de01280 DEOPT UNPACKING pc=0x000002074a0620a3 sp=0x000000e1263f9138 mode 2

Classes unloaded (7 events):
Event: 2.046 Thread 0x000002075b8f7ae0 Unloading class 0x0000000100210800 'java/lang/invoke/LambdaForm$MH+0x0000000100210800'
Event: 2.046 Thread 0x000002075b8f7ae0 Unloading class 0x0000000100210400 'java/lang/invoke/LambdaForm$MH+0x0000000100210400'
Event: 2.046 Thread 0x000002075b8f7ae0 Unloading class 0x0000000100210000 'java/lang/invoke/LambdaForm$MH+0x0000000100210000'
Event: 2.046 Thread 0x000002075b8f7ae0 Unloading class 0x000000010020fc00 'java/lang/invoke/LambdaForm$MH+0x000000010020fc00'
Event: 2.046 Thread 0x000002075b8f7ae0 Unloading class 0x000000010020f400 'java/lang/invoke/LambdaForm$BMH+0x000000010020f400'
Event: 2.046 Thread 0x000002075b8f7ae0 Unloading class 0x000000010020f000 'java/lang/invoke/LambdaForm$DMH+0x000000010020f000'
Event: 2.046 Thread 0x000002075b8f7ae0 Unloading class 0x000000010020c400 'java/lang/invoke/LambdaForm$DMH+0x000000010020c400'

Classes redefined (0 events):
No events

Internal exceptions (20 events):
Event: 0.837 Thread 0x0000020745bad0e0 Exception <a 'java/lang/NoSuchMethodError'{0x00000000ec39a0b0}: 'void java.lang.invoke.DirectMethodHandle$Holder.invokeSpecial(java.lang.Object, java.lang.Object, java.lang.Object)'> (0x00000000ec39a0b0) 
thrown [e:\jenkins\tmp\workspace\build\src\src\hotspot\share\interpreter\linkResolver.cpp, line 766]
Event: 1.073 Thread 0x0000020745bad0e0 Exception <a 'java/lang/NoSuchMethodError'{0x00000000eb646680}: 'java.lang.Object java.lang.invoke.DirectMethodHandle$Holder.newInvokeSpecial(java.lang.Object, int, java.lang.Object)'> (0x00000000eb646680) 
thrown [e:\jenkins\tmp\workspace\build\src\src\hotspot\share\interpreter\linkResolver.cpp, line 766]
Event: 1.271 Thread 0x0000020745bad0e0 Exception <a 'java/lang/UnsatisfiedLinkError'{0x00000000ebb69ac0}: 'void org.eclipse.equinox.launcher.JNIBridge._update_splash()'> (0x00000000ebb69ac0) 
thrown [e:\jenkins\tmp\workspace\build\src\src\hotspot\share\prims\nativeLookup.cpp, line 543]
Event: 1.318 Thread 0x000002075de01280 Exception <a 'java/lang/NoSuchMethodError'{0x00000000ebe49cd8}: 'java.lang.Object java.lang.invoke.DirectMethodHandle$Holder.invokeStaticInit(java.lang.Object)'> (0x00000000ebe49cd8) 
thrown [e:\jenkins\tmp\workspace\build\src\src\hotspot\share\interpreter\linkResolver.cpp, line 766]
Event: 1.533 Thread 0x000002075de01280 Exception <a 'java/io/FileNotFoundException'{0x00000000eb12dda8}> (0x00000000eb12dda8) 
thrown [e:\jenkins\tmp\workspace\build\src\src\hotspot\share\prims\jni.cpp, line 516]
Event: 1.541 Thread 0x000002075de01280 Exception <a 'java/lang/NullPointerException'{0x00000000eb17f5c0}> (0x00000000eb17f5c0) 
thrown [e:\jenkins\tmp\workspace\build\src\src\hotspot\share\interpreter\linkResolver.cpp, line 1357]
Event: 1.541 Thread 0x000002075de01280 Exception <a 'java/lang/NullPointerException'{0x00000000eb17fde8}> (0x00000000eb17fde8) 
thrown [e:\jenkins\tmp\workspace\build\src\src\hotspot\share\interpreter\linkResolver.cpp, line 1357]
Event: 1.670 Thread 0x000002075de01280 Exception <a 'java/lang/NoSuchMethodError'{0x00000000eb8d14d8}: 'void java.lang.invoke.DirectMethodHandle$Holder.invokeInterface(java.lang.Object, java.lang.Object, java.lang.Object)'> (0x00000000eb8d14d8) 
thrown [e:\jenkins\tmp\workspace\build\src\src\hotspot\share\interpreter\linkResolver.cpp, line 766]
Event: 1.760 Thread 0x000002075de01280 Exception <a 'java/lang/NoSuchMethodError'{0x00000000ebbf1e28}: 'java.lang.Object java.lang.invoke.Invokers$Holder.invokeExact_MT(java.lang.Object, java.lang.Object, java.lang.Object, java.lang.Object, java.lang.Object, java.lang.Object)'> (0x00000000ebbf1e28) 
thrown [e:\jenkins\tmp\workspace\build\src\src\hotspot\share\interpreter\linkResolver.cpp, line 766]
Event: 1.789 Thread 0x000002075de01280 Exception <a 'java/lang/NoSuchMethodError'{0x00000000ebcdc3f0}: 'java.lang.Object java.lang.invoke.DirectMethodHandle$Holder.invokeStatic(java.lang.Object, java.lang.Object, int)'> (0x00000000ebcdc3f0) 
thrown [e:\jenkins\tmp\workspace\build\src\src\hotspot\share\interpreter\linkResolver.cpp, line 766]
Event: 1.790 Thread 0x000002075de01280 Exception <a 'java/lang/NoSuchMethodError'{0x00000000ebce0fa0}: 'void java.lang.invoke.DirectMethodHandle$Holder.invokeStatic(java.lang.Object, java.lang.Object, int, java.lang.Object)'> (0x00000000ebce0fa0) 
thrown [e:\jenkins\tmp\workspace\build\src\src\hotspot\share\interpreter\linkResolver.cpp, line 766]
Event: 1.791 Thread 0x000002075de01280 Exception <a 'java/lang/NoSuchMethodError'{0x00000000ebce86d0}: 'void java.lang.invoke.DelegatingMethodHandle$Holder.delegate(java.lang.Object, java.lang.Object, int, java.lang.Object)'> (0x00000000ebce86d0) 
thrown [e:\jenkins\tmp\workspace\build\src\src\hotspot\share\interpreter\linkResolver.cpp, line 766]
Event: 1.792 Thread 0x000002075de01280 Exception <a 'java/lang/NoSuchMethodError'{0x00000000ebcecab8}: 'int java.lang.invoke.DirectMethodHandle$Holder.invokeSpecial(java.lang.Object, java.lang.Object, java.lang.Object)'> (0x00000000ebcecab8) 
thrown [e:\jenkins\tmp\workspace\build\src\src\hotspot\share\interpreter\linkResolver.cpp, line 766]
Event: 1.793 Thread 0x000002075de01280 Exception <a 'java/lang/NoSuchMethodError'{0x00000000ebcfe0c8}: 'int java.lang.invoke.DirectMethodHandle$Holder.invokeStatic(java.lang.Object, java.lang.Object, int)'> (0x00000000ebcfe0c8) 
thrown [e:\jenkins\tmp\workspace\build\src\src\hotspot\share\interpreter\linkResolver.cpp, line 766]
Event: 1.794 Thread 0x000002075de01280 Exception <a 'java/lang/NoSuchMethodError'{0x00000000ebd02350}: 'int java.lang.invoke.DirectMethodHandle$Holder.invokeSpecial(java.lang.Object, java.lang.Object, java.lang.Object, int)'> (0x00000000ebd02350) 
thrown [e:\jenkins\tmp\workspace\build\src\src\hotspot\share\interpreter\linkResolver.cpp, line 766]
Event: 1.796 Thread 0x000002075de01280 Exception <a 'java/lang/NoSuchMethodError'{0x00000000ebd1ddf0}: 'java.lang.Object java.lang.invoke.DirectMethodHandle$Holder.invokeStatic(java.lang.Object, java.lang.Object, java.lang.Object, java.lang.Object, int)'> (0x00000000ebd1ddf0) 
thrown [e:\jenkins\tmp\workspace\build\src\src\hotspot\share\interpreter\linkResolver.cpp, line 766]
Event: 1.797 Thread 0x000002075de01280 Exception <a 'java/lang/NoSuchMethodError'{0x00000000ebd29de8}: 'java.lang.Object java.lang.invoke.DelegatingMethodHandle$Holder.reinvoke_L(java.lang.Object, java.lang.Object, java.lang.Object, java.lang.Object, int, int)'> (0x00000000ebd29de8) 
thrown [e:\jenkins\tmp\workspace\build\src\src\hotspot\share\interpreter\linkResolver.cpp, line 766]
Event: 1.800 Thread 0x000002075de01280 Exception <a 'java/lang/NoSuchMethodError'{0x00000000ebd41d30}: 'java.lang.Object java.lang.invoke.Invokers$Holder.invokeExact_MT(java.lang.Object, java.lang.Object, java.lang.Object, java.lang.Object)'> (0x00000000ebd41d30) 
thrown [e:\jenkins\tmp\workspace\build\src\src\hotspot\share\interpreter\linkResolver.cpp, line 766]
Event: 2.003 Thread 0x000002075de01280 Exception <a 'java/lang/NoSuchMethodError'{0x00000000eace2868}: 'int java.lang.invoke.DirectMethodHandle$Holder.invokeStaticInit(java.lang.Object, java.lang.Object, java.lang.Object)'> (0x00000000eace2868) 
thrown [e:\jenkins\tmp\workspace\build\src\src\hotspot\share\interpreter\linkResolver.cpp, line 766]
Event: 2.009 Thread 0x000002075de01280 Exception <a 'java/lang/IncompatibleClassChangeError'{0x00000000ead7a100}: Found class java.lang.Object, but interface was expected> (0x00000000ead7a100) 
thrown [e:\jenkins\tmp\workspace\build\src\src\hotspot\share\interpreter\linkResolver.cpp, line 833]

VM Operations (20 events):
Event: 1.049 Executing VM operation: HandshakeAllThreads done
Event: 1.067 Executing VM operation: HandshakeAllThreads
Event: 1.067 Executing VM operation: HandshakeAllThreads done
Event: 1.335 Executing VM operation: HandshakeAllThreads
Event: 1.335 Executing VM operation: HandshakeAllThreads done
Event: 1.441 Executing VM operation: ParallelGCFailedAllocation
Event: 1.446 Executing VM operation: ParallelGCFailedAllocation done
Event: 1.603 Executing VM operation: HandshakeAllThreads
Event: 1.604 Executing VM operation: HandshakeAllThreads done
Event: 1.649 Executing VM operation: HandshakeAllThreads
Event: 1.649 Executing VM operation: HandshakeAllThreads done
Event: 1.651 Executing VM operation: HandshakeAllThreads
Event: 1.651 Executing VM operation: HandshakeAllThreads done
Event: 1.789 Executing VM operation: HandshakeAllThreads
Event: 1.789 Executing VM operation: HandshakeAllThreads done
Event: 1.951 Executing VM operation: ParallelGCFailedAllocation
Event: 1.956 Executing VM operation: ParallelGCFailedAllocation done
Event: 2.023 Executing VM operation: HandshakeAllThreads
Event: 2.023 Executing VM operation: HandshakeAllThreads done
Event: 2.040 Executing VM operation: CollectForMetadataAllocation

Events (20 events):
Event: 2.025 loading class java/util/concurrent/ThreadLocalRandom
Event: 2.025 loading class java/util/concurrent/ThreadLocalRandom done
Event: 2.025 loading class jdk/internal/util/random/RandomSupport
Event: 2.025 loading class jdk/internal/util/random/RandomSupport done
Event: 2.025 loading class java/lang/invoke/VarHandleLongs$FieldInstanceReadWrite
Event: 2.026 loading class java/lang/invoke/VarHandleLongs$FieldInstanceReadOnly
Event: 2.026 loading class java/lang/invoke/VarHandleLongs$FieldInstanceReadOnly done
Event: 2.026 loading class java/lang/invoke/VarHandleLongs$FieldInstanceReadWrite done
Event: 2.026 loading class java/util/concurrent/atomic/Striped64$1
Event: 2.026 loading class java/util/concurrent/atomic/Striped64$1 done
Event: 2.031 loading class java/net/Authenticator
Event: 2.031 loading class java/net/Authenticator done
Event: 2.036 loading class java/net/SocketAddress
Event: 2.036 loading class java/net/SocketAddress done
Event: 2.036 loading class java/net/InetSocketAddress
Event: 2.037 loading class java/net/InetSocketAddress done
Event: 2.037 loading class java/nio/channels/AsynchronousByteChannel
Event: 2.037 loading class java/nio/channels/AsynchronousChannel
Event: 2.037 loading class java/nio/channels/AsynchronousChannel done
Event: 2.037 loading class java/nio/channels/AsynchronousByteChannel done


Dynamic libraries:
0x00007ff770580000 - 0x00007ff77058e000 	c:\Users\andri\.vscode\extensions\redhat.java-1.9.0-win32-x64\jre\17.0.3-win32-x86_64\bin\java.exe
0x00007ffeb23d0000 - 0x00007ffeb25c6000 	C:\Windows\SYSTEM32\ntdll.dll
0x00007ffeb2270000 - 0x00007ffeb232d000 	C:\Windows\System32\KERNEL32.DLL
0x00007ffeafe50000 - 0x00007ffeb0118000 	C:\Windows\System32\KERNELBASE.dll
0x00007ffeafca0000 - 0x00007ffeafda0000 	C:\Windows\System32\ucrtbase.dll
0x00007ffea0bd0000 - 0x00007ffea0be8000 	c:\Users\andri\.vscode\extensions\redhat.java-1.9.0-win32-x64\jre\17.0.3-win32-x86_64\bin\jli.dll
0x00007ffeb0e20000 - 0x00007ffeb0fc0000 	C:\Windows\System32\USER32.dll
0x00007ffeb0280000 - 0x00007ffeb02a2000 	C:\Windows\System32\win32u.dll
0x00007ffeb20b0000 - 0x00007ffeb20da000 	C:\Windows\System32\GDI32.dll
0x00007ffeb0300000 - 0x00007ffeb0409000 	C:\Windows\System32\gdi32full.dll
0x00007ffeafb80000 - 0x00007ffeafc1d000 	C:\Windows\System32\msvcp_win.dll
0x00007ffea0bb0000 - 0x00007ffea0bc9000 	c:\Users\andri\.vscode\extensions\redhat.java-1.9.0-win32-x64\jre\17.0.3-win32-x86_64\bin\VCRUNTIME140.dll
0x00007ffe9b0b0000 - 0x00007ffe9b34b000 	C:\Windows\WinSxS\amd64_microsoft.windows.common-controls_6595b64144ccf1df_6.0.19041.488_none_ca04af081b815d21\COMCTL32.dll
0x00007ffeb1a10000 - 0x00007ffeb1aae000 	C:\Windows\System32\msvcrt.dll
0x00007ffeb19e0000 - 0x00007ffeb1a10000 	C:\Windows\System32\IMM32.DLL
0x00007ffea4240000 - 0x00007ffea424c000 	c:\Users\andri\.vscode\extensions\redhat.java-1.9.0-win32-x64\jre\17.0.3-win32-x86_64\bin\vcruntime140_1.dll
0x00007ffe86af0000 - 0x00007ffe86b81000 	c:\Users\andri\.vscode\extensions\redhat.java-1.9.0-win32-x64\jre\17.0.3-win32-x86_64\bin\msvcp140.dll
0x00007ffe75280000 - 0x00007ffe75ec8000 	c:\Users\andri\.vscode\extensions\redhat.java-1.9.0-win32-x64\jre\17.0.3-win32-x86_64\bin\server\jvm.dll
0x00007ffeb0d70000 - 0x00007ffeb0e1a000 	C:\Windows\System32\ADVAPI32.dll
0x00007ffeb1ab0000 - 0x00007ffeb1b4b000 	C:\Windows\System32\sechost.dll
0x00007ffeb18b0000 - 0x00007ffeb19d4000 	C:\Windows\System32\RPCRT4.dll
0x00007ffeb2260000 - 0x00007ffeb2268000 	C:\Windows\System32\PSAPI.DLL
0x00007ffea2280000 - 0x00007ffea2289000 	C:\Windows\SYSTEM32\WSOCK32.dll
0x00007ffeb1b50000 - 0x00007ffeb1bbb000 	C:\Windows\System32\WS2_32.dll
0x00007ffea7370000 - 0x00007ffea7397000 	C:\Windows\SYSTEM32\WINMM.dll
0x00007ffea73a0000 - 0x00007ffea73aa000 	C:\Windows\SYSTEM32\VERSION.dll
0x00007ffeada90000 - 0x00007ffeadaa2000 	C:\Windows\SYSTEM32\kernel.appcore.dll
0x00007ffea0ba0000 - 0x00007ffea0baa000 	c:\Users\andri\.vscode\extensions\redhat.java-1.9.0-win32-x64\jre\17.0.3-win32-x86_64\bin\jimage.dll
0x00007ffea9680000 - 0x00007ffea9864000 	C:\Windows\SYSTEM32\DBGHELP.DLL
0x00007ffea9550000 - 0x00007ffea957c000 	C:\Windows\SYSTEM32\dbgcore.DLL
0x00007ffeafc20000 - 0x00007ffeafc9f000 	C:\Windows\System32\bcryptPrimitives.dll
0x00007ffea0b80000 - 0x00007ffea0b8e000 	c:\Users\andri\.vscode\extensions\redhat.java-1.9.0-win32-x64\jre\17.0.3-win32-x86_64\bin\instrument.dll
0x00007ffe998b0000 - 0x00007ffe998d5000 	c:\Users\andri\.vscode\extensions\redhat.java-1.9.0-win32-x64\jre\17.0.3-win32-x86_64\bin\java.dll
0x00007ffea0b60000 - 0x00007ffea0b78000 	c:\Users\andri\.vscode\extensions\redhat.java-1.9.0-win32-x64\jre\17.0.3-win32-x86_64\bin\zip.dll
0x00007ffeb0fc0000 - 0x00007ffeb1700000 	C:\Windows\System32\SHELL32.dll
0x00007ffeadc90000 - 0x00007ffeae424000 	C:\Windows\SYSTEM32\windows.storage.dll
0x00007ffeb0440000 - 0x00007ffeb0795000 	C:\Windows\System32\combase.dll
0x00007ffeaf4c0000 - 0x00007ffeaf4ec000 	C:\Windows\SYSTEM32\Wldp.dll
0x00007ffeb08e0000 - 0x00007ffeb098e000 	C:\Windows\System32\SHCORE.dll
0x00007ffeb0ac0000 - 0x00007ffeb0b15000 	C:\Windows\System32\shlwapi.dll
0x00007ffeafa50000 - 0x00007ffeafa76000 	C:\Windows\SYSTEM32\profapi.dll
0x00007ffea0960000 - 0x00007ffea0979000 	C:\Users\andri\.vscode\extensions\redhat.java-1.9.0-win32-x64\jre\17.0.3-win32-x86_64\bin\net.dll
0x00007ffea4c80000 - 0x00007ffea4d80000 	C:\Windows\SYSTEM32\WINHTTP.dll
0x00007ffeaf240000 - 0x00007ffeaf2aa000 	C:\Windows\system32\mswsock.dll
0x00007ffe9bfc0000 - 0x00007ffe9bfd5000 	C:\Users\andri\.vscode\extensions\redhat.java-1.9.0-win32-x64\jre\17.0.3-win32-x86_64\bin\nio.dll
0x00007ffe9ed30000 - 0x00007ffe9ed40000 	c:\Users\andri\.vscode\extensions\redhat.java-1.9.0-win32-x64\jre\17.0.3-win32-x86_64\bin\verify.dll
0x00007ffe997a0000 - 0x00007ffe997de000 	C:\Users\andri\AppData\Roaming\Code\User\globalStorage\redhat.java\1.9.0\config_ss_win\org.eclipse.equinox.launcher\org.eclipse.equinox.launcher.win32.win32.x86_64_1.2.500.v20220509-0833\eclipse_11700.dll
0x00007ffeb07b0000 - 0x00007ffeb08da000 	C:\Windows\System32\ole32.dll

dbghelp: loaded successfully - version: 4.0.5 - missing functions: none
symbol engine: initialized successfully - sym options: 0x614 - pdb path: .;c:\Users\andri\.vscode\extensions\redhat.java-1.9.0-win32-x64\jre\17.0.3-win32-x86_64\bin;C:\Windows\SYSTEM32;C:\Windows\WinSxS\amd64_microsoft.windows.common-controls_6595b64144ccf1df_6.0.19041.488_none_ca04af081b815d21;c:\Users\andri\.vscode\extensions\redhat.java-1.9.0-win32-x64\jre\17.0.3-win32-x86_64\bin\server;C:\Users\andri\AppData\Roaming\Code\User\globalStorage\redhat.java\1.9.0\config_ss_win\org.eclipse.equinox.launcher\org.eclipse.equinox.launcher.win32.win32.x86_64_1.2.500.v20220509-0833

VM Arguments:
jvm_args: --add-modules=ALL-SYSTEM --add-opens=java.base/java.util=ALL-UNNAMED --add-opens=java.base/java.lang=ALL-UNNAMED --add-opens=java.base/sun.nio.fs=ALL-UNNAMED -Declipse.application=org.eclipse.jdt.ls.core.id1 -Dosgi.bundles.defaultStartLevel=4 -Declipse.product=org.eclipse.jdt.ls.core.product -Djava.import.generatesMetadataFilesAtProjectRoot=false -Dfile.encoding=utf8 -DwatchParentProcess=false -XX:+UseParallelGC -XX:GCTimeRatio=4 -XX:AdaptiveSizePolicyWeight=90 -Dsun.zip.disableMemoryMapping=true -Xmx1G -Xms100m -javaagent:c:\Users\andri\.vscode\extensions\redhat.java-1.9.0-win32-x64\lombok\lombok-1.18.24.jar 
java_command: c:\Users\andri\.vscode\extensions\redhat.java-1.9.0-win32-x64\server\plugins\org.eclipse.equinox.launcher_1.6.400.v20210924-0641.jar -configuration c:\Users\andri\AppData\Roaming\Code\User\globalStorage\redhat.java\1.9.0\config_ss_win -data c:\Users\andri\AppData\Roaming\Code\User\workspaceStorage\4faf57daae0bcd7f451f920420ff8149\redhat.java\ss_ws
java_class_path (initial): c:\Users\andri\.vscode\extensions\redhat.java-1.9.0-win32-x64\server\plugins\org.eclipse.equinox.launcher_1.6.400.v20210924-0641.jar
Launcher Type: SUN_STANDARD

[Global flags]
    uintx AdaptiveSizePolicyWeight                 = 90                                        {product} {command line}
     intx CICompilerCount                          = 3                                         {product} {ergonomic}
    uintx GCTimeRatio                              = 4                                         {product} {command line}
   size_t InitialHeapSize                          = 104857600                                 {product} {command line}
   size_t MaxHeapSize                              = 1073741824                                {product} {command line}
   size_t MaxNewSize                               = 357564416                                 {product} {ergonomic}
   size_t MinHeapDeltaBytes                        = 524288                                    {product} {ergonomic}
   size_t MinHeapSize                              = 104857600                                 {product} {command line}
   size_t NewSize                                  = 34603008                                  {product} {ergonomic}
    uintx NonNMethodCodeHeapSize                   = 5832780                                {pd product} {ergonomic}
    uintx NonProfiledCodeHeapSize                  = 122912730                              {pd product} {ergonomic}
   size_t OldSize                                  = 70254592                                  {product} {ergonomic}
    uintx ProfiledCodeHeapSize                     = 122912730                              {pd product} {ergonomic}
    uintx ReservedCodeCacheSize                    = 251658240                              {pd product} {ergonomic}
     bool SegmentedCodeCache                       = true                                      {product} {ergonomic}
   size_t SoftMaxHeapSize                          = 1073741824                             {manageable} {ergonomic}
     bool UseCompressedClassPointers               = true                           {product lp64_product} {ergonomic}
     bool UseCompressedOops                        = true                           {product lp64_product} {ergonomic}
     bool UseLargePagesIndividualAllocation        = false                                  {pd product} {ergonomic}
     bool UseParallelGC                            = true                                      {product} {command line}

Logging:
Log output configuration:
 #0: stdout all=warning uptime,level,tags
 #1: stderr all=off uptime,level,tags

Environment Variables:
JAVA_HOME=C:\Users\andri\AppData\Local\Programs\Eclipse Adoptium\jdk-17.0.4.8-hotspot\
PATH=C:\Windows\system32;C:\Windows;C:\Windows\System32\Wbem;C:\Windows\System32\WindowsPowerShell\v1.0\;C:\Windows\System32\OpenSSH\;C:\Program Files\Git\cmd;C:\Users\andri\AppData\Local\Programs\Eclipse Adoptium\jdk-17.0.4.8-hotspot\bin;C:\Users\andri\AppData\Local\Microsoft\WindowsApps;;C:\Users\andri\AppData\Local\Programs\Microsoft VS Code\bin
USERNAME=andri
OS=Windows_NT
PROCESSOR_IDENTIFIER=AMD64 Family 23 Model 24 Stepping 1, AuthenticAMD



---------------  S Y S T E M  ---------------

OS:
 Windows 10 , 64 bit Build 19041 (10.0.19041.546)
OS uptime: 0 days 12:57 hours

CPU: total 4 (initial active 4) (4 cores per cpu, 1 threads per core) family 23 model 24 stepping 1 microcode 0x0, cx8, cmov, fxsr, mmx, 3dnowpref, sse, sse2, sse3, ssse3, sse4a, sse4.1, sse4.2, popcnt, lzcnt, tsc, tscinvbit, avx, avx2, aes, clmul, bmi1, bmi2, adx, sha, fma, vzeroupper, clflush, clflushopt

Memory: 4k page, system-wide physical 14284M (9076M free)
TotalPageFile size 16972M (AvailPageFile size 10506M)
current process WorkingSet (physical memory assigned to process): 103M, peak: 103M
current process commit charge ("private bytes"): 202M, peak: 202M

vm_info: OpenJDK 64-Bit Server VM (17.0.3+7) for windows-amd64 JRE (17.0.3+7), built on Apr 19 2022 16:55:35 by "" with MS VC++ 16.7 (VS2019)

END.
